<?xml version="1.0" encoding="UTF-8"?>
<!-- Generated by org.testng.reporters.JUnitXMLReporter -->
<testsuite ignored="0" hostname="Nitins-MacBook-Pro.local" failures="1" tests="5" name="Test_random" time="99.296" errors="0" timestamp="2024-02-20T23:05:41 PST">
  <testcase classname="com.salesforce.automation.SalesforceRandomScenarios_Testcases" name="blockingAnEventCalender" time="9.562">
    <failure type="java.lang.AssertionError" message="expected [CalendarforSudeepaGallo123-DayView] but found [CalendarforSudeepaGallo-DayView]">
      <![CDATA[java.lang.AssertionError: expected [CalendarforSudeepaGallo123-DayView] but found [CalendarforSudeepaGallo-DayView]
at com.salesforce.base.BaseClass.assertStringsEqual(BaseClass.java:467)
at com.salesforce.automation.SalesforceRandomScenarios_Testcases.blockingAnEventCalender(SalesforceRandomScenarios_Testcases.java:317)
at java.base/java.util.ArrayList.forEach(ArrayList.java:1511)
... Removed 33 stack frames]]>
    </failure>
  </testcase> <!-- blockingAnEventCalender -->
  <testcase classname="com.salesforce.automation.SalesforceRandomScenarios_Testcases" name="verifyAccountHolder" time="9.119"/>
  <testcase classname="com.salesforce.automation.SalesforceRandomScenarios_Testcases" name="verifylastnameEdit_Variousplace" time="11.484"/>
  <testcase classname="com.salesforce.automation.SalesforceRandomScenarios_Testcases" name="verifytabcustomization" time="17.911"/>
  <testcase classname="com.salesforce.automation.SalesforceRandomScenarios_Testcases" name="weeklyrecurranceCalender" time="41.235"/>
</testsuite> <!-- Test_random -->
