<?xml version="1.0" encoding="UTF-8"?>
<!-- Generated by org.testng.reporters.JUnitXMLReporter -->
<testsuite ignored="0" hostname="Nitins-MacBook-Pro.local" failures="0" tests="7" name="Test_contactss" time="81.603" errors="0" timestamp="2024-02-20T23:04:02 PST">
  <testcase classname="com.salesforce.automation.SalesforceContact_Testcases" name="checkCancelButtn_NewView" time="10.021"/>
  <testcase classname="com.salesforce.automation.SalesforceContact_Testcases" name="checkSaveNewButtn" time="12.054"/>
  <testcase classname="com.salesforce.automation.SalesforceContact_Testcases" name="createNewContact" time="13.021"/>
  <testcase classname="com.salesforce.automation.SalesforceContact_Testcases" name="createNewViewContact" time="8.25"/>
  <testcase classname="com.salesforce.automation.SalesforceContact_Testcases" name="mycontactsView" time="8.605"/>
  <testcase classname="com.salesforce.automation.SalesforceContact_Testcases" name="recentContactsView" time="7.572"/>
  <testcase classname="com.salesforce.automation.SalesforceContact_Testcases" name="verifyErrormessage" time="7.515"/>
</testsuite> <!-- Test_contactss -->
