<?xml version="1.0" encoding="UTF-8"?>
<!-- Generated by org.testng.reporters.JUnitXMLReporter -->
<testsuite ignored="0" hostname="Nitins-MacBook-Pro.local" failures="0" tests="7" name="TestOppurtunities" time="86.22" errors="0" timestamp="2024-02-20T22:07:01 PST">
  <testcase classname="com.salesforce.automation.SalesforceContact_Testcases" name="checkCancelButtn_NewView" time="10.022"/>
  <testcase classname="com.salesforce.automation.SalesforceContact_Testcases" name="checkSaveNewButtn" time="13.842"/>
  <testcase classname="com.salesforce.automation.SalesforceContact_Testcases" name="createNewContact" time="15.438"/>
  <testcase classname="com.salesforce.automation.SalesforceContact_Testcases" name="createNewViewContact" time="9.039"/>
  <testcase classname="com.salesforce.automation.SalesforceContact_Testcases" name="mycontactsView" time="8.44"/>
  <testcase classname="com.salesforce.automation.SalesforceContact_Testcases" name="recentContactsView" time="7.998"/>
  <testcase classname="com.salesforce.automation.SalesforceContact_Testcases" name="verifyErrormessage" time="7.405"/>
</testsuite> <!-- TestOppurtunities -->
