<?xml version="1.0" encoding="UTF-8"?>
<!-- Generated by org.testng.reporters.JUnitXMLReporter -->
<testsuite ignored="4" hostname="Nitins-MacBook-Pro.local" failures="0" tests="1" name="Test_Accounts(failed)" time="20.839" errors="0" timestamp="2024-02-20T23:14:05 PST">
  <testcase classname="com.salesforce.automation.SalesforceAccounts_Testcases" name="editView" time="18.36"/>
  <testcase classname="com.salesforce.automation.SalesforceAccounts_Testcases" name="createAccountReport" time="0.0">
    <ignored/>
  </testcase> <!-- createAccountReport -->
  <testcase classname="com.salesforce.automation.SalesforceAccounts_Testcases" name="Createnewview" time="0.0">
    <ignored/>
  </testcase> <!-- Createnewview -->
  <testcase classname="com.salesforce.automation.SalesforceAccounts_Testcases" name="mergeAccount" time="0.0">
    <ignored/>
  </testcase> <!-- mergeAccount -->
  <testcase classname="com.salesforce.automation.SalesforceAccounts_Testcases" name="createAccount" time="0.0">
    <ignored/>
  </testcase> <!-- createAccount -->
</testsuite> <!-- Test_Accounts(failed) -->
