<?xml version="1.0" encoding="UTF-8"?>
<!-- Generated by org.testng.reporters.JUnitXMLReporter -->
<testsuite ignored="4" hostname="Nitins-MacBook-Pro.local" failures="0" tests="1" name="Test_random(failed)(failed)" time="59.43" errors="0" timestamp="2024-02-20T23:20:19 PST">
  <testcase classname="com.salesforce.automation.SalesforceRandomScenarios_Testcases" name="blockingAnEventCalender" time="57.451"/>
  <testcase classname="com.salesforce.automation.SalesforceRandomScenarios_Testcases" name="verifyAccountHolder" time="0.0">
    <ignored/>
  </testcase> <!-- verifyAccountHolder -->
  <testcase classname="com.salesforce.automation.SalesforceRandomScenarios_Testcases" name="weeklyrecurranceCalender" time="0.0">
    <ignored/>
  </testcase> <!-- weeklyrecurranceCalender -->
  <testcase classname="com.salesforce.automation.SalesforceRandomScenarios_Testcases" name="verifytabcustomization" time="0.0">
    <ignored/>
  </testcase> <!-- verifytabcustomization -->
  <testcase classname="com.salesforce.automation.SalesforceRandomScenarios_Testcases" name="verifylastnameEdit_Variousplace" time="0.0">
    <ignored/>
  </testcase> <!-- verifylastnameEdit_Variousplace -->
</testsuite> <!-- Test_random(failed)(failed) -->
