<?xml version="1.0" encoding="UTF-8"?>
<testsuite xmlns:xsi="http://www.w3.org/2001/XMLSchema-instance" xsi:noNamespaceSchemaLocation="https://maven.apache.org/surefire/maven-surefire-plugin/xsd/surefire-test-report-3.0.xsd" version="3.0" name="TestSuite" time="381.343" tests="33" errors="0" skipped="0" failures="22">
  <properties>
[...]
</properties>
  <testcase name="loginPage_EmptyPassword" classname="com.salesforce.automation.SalesforceLoginPage_Testcases" time="0.952">
    <system-out><![CDATA[2024-02-19 17:06:15,595 INFO  SalesforceListenerUtility.java:62 - .......<test> execution started........
2024-02-19 17:06:19,329 INFO  BaseClass.java:70 - Browser instance has started
2024-02-19 17:06:20,067 INFO  BaseClass.java:231 - https://login.salesforce.com/ is launched
2024-02-19 17:06:20,067 INFO  BaseClass.java:472 - Waiting until page loads within  expectedtime period
2024-02-19 17:06:20,077 INFO  SalesforceListenerUtility.java:27 - loginPage_EmptyPassword.......test execution started........
2024-02-19 17:06:20,085 INFO  SalesforceLoginPage_Testcases.java:33 - ..............started loginPage_EmptyPassword...............
2024-02-19 17:06:20,093 INFO  BaseClass.java:257 - Login | Salesforce  matched with Login | Salesforce
ObjectLogger->com.aventstack.extentreports.ExtentTest@64984b0f
2024-02-19 17:06:20,098 INFO  SalesforceLoginPage_Testcases.java:37 - Assertion passed: Actual title is equal to Expected title
2024-02-19 17:06:20,422 INFO  BaseClass.java:145 - [[FirefoxDriver: firefox on MAC (b376bc71-0b23-430a-8cd7-8f00ed71a138)] -> xpath: //*[@id='username']]Is enabled and clicked
ObjectLogger->com.aventstack.extentreports.ExtentTest@64984b0f
2024-02-19 17:06:20,490 INFO  BaseClass.java:150 - EmailIs displayed  in textarea
ObjectLogger->com.aventstack.extentreports.ExtentTest@64984b0f
2024-02-19 17:06:20,603 INFO  BaseClass.java:94 - login  IS WAITED FOR VISIBLITY
ObjectLogger->com.aventstack.extentreports.ExtentTest@64984b0f
2024-02-19 17:06:21,010 INFO  BaseClass.java:213 - login Button Is enabled and clicked
ObjectLogger->com.aventstack.extentreports.ExtentTest@64984b0f
2024-02-19 17:06:21,032 INFO  BaseClass.java:302 - Please enter your password.  matched with Please enter your password.
ObjectLogger->com.aventstack.extentreports.ExtentTest@64984b0f
2024-02-19 17:06:21,034 INFO  SalesforceLoginPage_Testcases.java:58 - ..............ended loginPage_EmptyPassword................
]]></system-out>
    <system-err><![CDATA[SLF4J(W): No SLF4J providers were found.
SLF4J(W): Defaulting to no-operation (NOP) logger implementation
SLF4J(W): See https://www.slf4j.org/codes.html#noProviders for further details.
1708391176366	geckodriver	INFO	Listening on 127.0.0.1:27676
1708391176573	mozrunner::runner	INFO	Running command: MOZ_CRASHREPORTER="1" MOZ_CRASHREPORTER_NO_REPORT="1" MOZ_CRASHREPORTER_SHUTDOWN="1" MOZ_NO_REMOTE="1" "/App ... "--marionette" "-foreground" "-no-remote" "-profile" "/var/folders/gx/qjsbcn6d6d33b4myp5smvrgr0000gp/T/rust_mozprofileskYg17"
console.warn: services.settings: Ignoring preference override of remote settings server
console.warn: services.settings: Allow by setting MOZ_REMOTE_SETTINGS_DEVTOOLS=1 in the environment
1708391177211	Marionette	INFO	Marionette enabled
1708391177468	Marionette	INFO	Listening on port 57009
Read port: 57009
1708391178137	RemoteAgent	WARN	TLS certificate errors will be ignored for this session
Feb 19, 2024 5:06:19 PM org.openqa.selenium.remote.ProtocolHandshake createSession
INFO: Detected dialect: W3C
console.warn: LoginRecipes: "Falling back to a synchronous message for: https://login.salesforce.com."
console.warn: LoginRecipes: "Falling back to a synchronous message for: https://login.salesforce.com."
console.warn: LoginRecipes: "Falling back to a synchronous message for: https://login.salesforce.com."
]]></system-err>
  </testcase>
  <testcase name="testForgotPasssword" classname="com.salesforce.automation.SalesforceLoginPage_Testcases" time="1.1">
    <system-out><![CDATA[2024-02-19 17:06:21,036 INFO  SalesforceListenerUtility.java:36 - loginPage_EmptyPassword.......test execution sucess........
ObjectLogger->com.aventstack.extentreports.ExtentTest@64984b0f
2024-02-19 17:06:21,879 INFO  BaseClass.java:242 - browser is closed
2024-02-19 17:06:24,479 INFO  BaseClass.java:70 - Browser instance has started
2024-02-19 17:06:25,128 INFO  BaseClass.java:231 - https://login.salesforce.com/ is launched
2024-02-19 17:06:25,128 INFO  BaseClass.java:472 - Waiting until page loads within  expectedtime period
2024-02-19 17:06:25,134 INFO  SalesforceListenerUtility.java:27 - testForgotPasssword.......test execution started........
2024-02-19 17:06:25,134 INFO  SalesforceLoginPage_Testcases.java:106 - ..............stated testForgotPasssword..............
2024-02-19 17:06:25,264 INFO  BaseClass.java:257 - Forgot Your Password | Salesforce  matched with Forgot Your Password | Salesforce
ObjectLogger->com.aventstack.extentreports.ExtentTest@4b0f2299
2024-02-19 17:06:25,503 INFO  BaseClass.java:145 - [[FirefoxDriver: firefox on MAC (18f02321-43c3-495d-a57d-5304d16b1bb5)] -> xpath: //input[@id='un']]Is enabled and clicked
ObjectLogger->com.aventstack.extentreports.ExtentTest@4b0f2299
2024-02-19 17:06:25,517 INFO  BaseClass.java:150 - UsernameIs displayed  in textarea
ObjectLogger->com.aventstack.extentreports.ExtentTest@4b0f2299
2024-02-19 17:06:26,227 INFO  BaseClass.java:213 - Continue Button Is enabled and clicked
ObjectLogger->com.aventstack.extentreports.ExtentTest@4b0f2299
2024-02-19 17:06:26,230 INFO  BaseClass.java:257 - Check Your Email | Salesforce  matched with Check Your Email | Salesforce
ObjectLogger->com.aventstack.extentreports.ExtentTest@4b0f2299
2024-02-19 17:06:26,235 INFO  SalesforceLoginPage_Testcases.java:120 - ..............ended testForgotPasssword..............
]]></system-out>
    <system-err><![CDATA[1708391181041	Marionette	INFO	Stopped listening on port 57009
1708391181914	geckodriver	INFO	Listening on 127.0.0.1:29106
1708391181929	mozrunner::runner	INFO	Running command: MOZ_CRASHREPORTER="1" MOZ_CRASHREPORTER_NO_REPORT="1" MOZ_CRASHREPORTER_SHUTDOWN="1" MOZ_NO_REMOTE="1" "/App ... "--marionette" "-foreground" "-no-remote" "-profile" "/var/folders/gx/qjsbcn6d6d33b4myp5smvrgr0000gp/T/rust_mozprofile4K1rEB"
console.warn: services.settings: Ignoring preference override of remote settings server
console.warn: services.settings: Allow by setting MOZ_REMOTE_SETTINGS_DEVTOOLS=1 in the environment
1708391182498	Marionette	INFO	Marionette enabled
1708391182814	Marionette	INFO	Listening on port 57103
Read port: 57103
1708391183366	RemoteAgent	WARN	TLS certificate errors will be ignored for this session
Feb 19, 2024 5:06:24 PM org.openqa.selenium.remote.ProtocolHandshake createSession
INFO: Detected dialect: W3C
console.warn: LoginRecipes: "Falling back to a synchronous message for: https://login.salesforce.com."
console.warn: LoginRecipes: "Falling back to a synchronous message for: https://login.salesforce.com."
console.warn: LoginRecipes: "Falling back to a synchronous message for: https://login.salesforce.com."
console.warn: LoginRecipes: "Falling back to a synchronous message for: https://login.salesforce.com."
]]></system-err>
  </testcase>
  <testcase name="loginErrorMessage" classname="com.salesforce.automation.SalesforceLoginPage_Testcases" time="16.013">
    <failure message="Unable to locate element: div#error.loginError&#10;For documentation on this error, please visit: https://www.seleniumhq.org/exceptions/no_such_element.html&#10;Build info: version: &apos;3.141.59&apos;, revision: &apos;e82be7d358&apos;, time: &apos;2018-11-14T08:17:03&apos;&#10;System info: host: &apos;Nitins-MacBook-Pro.local&apos;, ip: &apos;2601:646:8084:4d20:0:0:0:ec4a%en0&apos;, os.name: &apos;Mac OS X&apos;, os.arch: &apos;x86_64&apos;, os.version: &apos;11.4&apos;, java.version: &apos;17.0.10&apos;&#10;Driver info: org.openqa.selenium.firefox.FirefoxDriver&#10;Capabilities {acceptInsecureCerts: true, browserName: firefox, browserVersion: 120.0.1, javascriptEnabled: true, moz:accessibilityChecks: false, moz:buildID: 20231129155202, moz:geckodriverVersion: 0.33.0, moz:headless: false, moz:platformVersion: 20.5.0, moz:processID: 49009, moz:profile: /var/folders/gx/qjsbcn6d6d3..., moz:shutdownTimeout: 60000, moz:webdriverClick: true, moz:windowless: false, pageLoadStrategy: normal, platform: MAC, platformName: MAC, proxy: Proxy(), setWindowRect: true, strictFileInteractability: false, timeouts: {implicit: 0, pageLoad: 300000, script: 30000}, unhandledPromptBehavior: dismiss and notify}&#10;Session ID: e7da0151-6709-46b7-9355-aa26aa237928&#10;*** Element info: {Using=css selector, value=div#error.loginError}" type="org.openqa.selenium.NoSuchElementException"><![CDATA[org.openqa.selenium.NoSuchElementException: 
Unable to locate element: div#error.loginError
For documentation on this error, please visit: https://www.seleniumhq.org/exceptions/no_such_element.html
Build info: version: '3.141.59', revision: 'e82be7d358', time: '2018-11-14T08:17:03'
System info: host: 'Nitins-MacBook-Pro.local', ip: '2601:646:8084:4d20:0:0:0:ec4a%en0', os.name: 'Mac OS X', os.arch: 'x86_64', os.version: '11.4', java.version: '17.0.10'
Driver info: org.openqa.selenium.firefox.FirefoxDriver
Capabilities {acceptInsecureCerts: true, browserName: firefox, browserVersion: 120.0.1, javascriptEnabled: true, moz:accessibilityChecks: false, moz:buildID: 20231129155202, moz:geckodriverVersion: 0.33.0, moz:headless: false, moz:platformVersion: 20.5.0, moz:processID: 49009, moz:profile: /var/folders/gx/qjsbcn6d6d3..., moz:shutdownTimeout: 60000, moz:webdriverClick: true, moz:windowless: false, pageLoadStrategy: normal, platform: MAC, platformName: MAC, proxy: Proxy(), setWindowRect: true, strictFileInteractability: false, timeouts: {implicit: 0, pageLoad: 300000, script: 30000}, unhandledPromptBehavior: dismiss and notify}
Session ID: e7da0151-6709-46b7-9355-aa26aa237928
*** Element info: {Using=css selector, value=div#error.loginError}
	at java.base/jdk.internal.reflect.NativeConstructorAccessorImpl.newInstance0(Native Method)
	at java.base/jdk.internal.reflect.NativeConstructorAccessorImpl.newInstance(NativeConstructorAccessorImpl.java:77)
	at java.base/jdk.internal.reflect.DelegatingConstructorAccessorImpl.newInstance(DelegatingConstructorAccessorImpl.java:45)
	at java.base/java.lang.reflect.Constructor.newInstanceWithCaller(Constructor.java:499)
	at java.base/java.lang.reflect.Constructor.newInstance(Constructor.java:480)
	at org.openqa.selenium.remote.http.W3CHttpResponseCodec.createException(W3CHttpResponseCodec.java:187)
	at org.openqa.selenium.remote.http.W3CHttpResponseCodec.decode(W3CHttpResponseCodec.java:122)
	at org.openqa.selenium.remote.http.W3CHttpResponseCodec.decode(W3CHttpResponseCodec.java:49)
	at org.openqa.selenium.remote.HttpCommandExecutor.execute(HttpCommandExecutor.java:158)
	at org.openqa.selenium.remote.service.DriverCommandExecutor.execute(DriverCommandExecutor.java:83)
	at org.openqa.selenium.remote.RemoteWebDriver.execute(RemoteWebDriver.java:552)
	at org.openqa.selenium.remote.RemoteWebDriver.findElement(RemoteWebDriver.java:323)
	at org.openqa.selenium.remote.RemoteWebDriver.findElementByCssSelector(RemoteWebDriver.java:420)
	at org.openqa.selenium.By$ByCssSelector.findElement(By.java:431)
	at org.openqa.selenium.remote.RemoteWebDriver.findElement(RemoteWebDriver.java:315)
	at com.salesforce.automation.SalesforceLoginPage_Testcases.loginErrorMessage(SalesforceLoginPage_Testcases.java:142)
	at java.base/jdk.internal.reflect.NativeMethodAccessorImpl.invoke0(Native Method)
	at java.base/jdk.internal.reflect.NativeMethodAccessorImpl.invoke(NativeMethodAccessorImpl.java:77)
	at java.base/jdk.internal.reflect.DelegatingMethodAccessorImpl.invoke(DelegatingMethodAccessorImpl.java:43)
	at java.base/java.lang.reflect.Method.invoke(Method.java:568)
	at org.testng.internal.invokers.MethodInvocationHelper.invokeMethod(MethodInvocationHelper.java:139)
	at org.testng.internal.invokers.TestInvoker.invokeMethod(TestInvoker.java:677)
	at org.testng.internal.invokers.TestInvoker.invokeTestMethod(TestInvoker.java:221)
	at org.testng.internal.invokers.MethodRunner.runInSequence(MethodRunner.java:50)
	at org.testng.internal.invokers.TestInvoker$MethodInvocationAgent.invoke(TestInvoker.java:969)
	at org.testng.internal.invokers.TestInvoker.invokeTestMethods(TestInvoker.java:194)
	at org.testng.internal.invokers.TestMethodWorker.invokeTestMethods(TestMethodWorker.java:148)
	at org.testng.internal.invokers.TestMethodWorker.run(TestMethodWorker.java:128)
	at java.base/java.util.ArrayList.forEach(ArrayList.java:1511)
	at org.testng.TestRunner.privateRun(TestRunner.java:829)
	at org.testng.TestRunner.run(TestRunner.java:602)
	at org.testng.SuiteRunner.runTest(SuiteRunner.java:437)
	at org.testng.SuiteRunner.runSequentially(SuiteRunner.java:431)
	at org.testng.SuiteRunner.privateRun(SuiteRunner.java:391)
	at org.testng.SuiteRunner.run(SuiteRunner.java:330)
	at org.testng.SuiteRunnerWorker.runSuite(SuiteRunnerWorker.java:52)
	at org.testng.SuiteRunnerWorker.run(SuiteRunnerWorker.java:95)
	at org.testng.TestNG.runSuitesSequentially(TestNG.java:1256)
	at org.testng.TestNG.runSuitesLocally(TestNG.java:1176)
	at org.testng.TestNG.runSuites(TestNG.java:1099)
	at org.testng.TestNG.run(TestNG.java:1067)
	at org.apache.maven.surefire.testng.TestNGExecutor.run(TestNGExecutor.java:308)
	at org.apache.maven.surefire.testng.TestNGXmlTestSuite.execute(TestNGXmlTestSuite.java:71)
	at org.apache.maven.surefire.testng.TestNGProvider.invoke(TestNGProvider.java:113)
	at org.apache.maven.surefire.booter.ForkedBooter.runSuitesInProcess(ForkedBooter.java:385)
	at org.apache.maven.surefire.booter.ForkedBooter.execute(ForkedBooter.java:162)
	at org.apache.maven.surefire.booter.ForkedBooter.run(ForkedBooter.java:507)
	at org.apache.maven.surefire.booter.ForkedBooter.main(ForkedBooter.java:495)
]]></failure>
    <system-out><![CDATA[2024-02-19 17:06:26,235 INFO  SalesforceListenerUtility.java:36 - testForgotPasssword.......test execution sucess........
ObjectLogger->com.aventstack.extentreports.ExtentTest@4b0f2299
2024-02-19 17:06:26,872 INFO  BaseClass.java:242 - browser is closed
2024-02-19 17:06:29,703 INFO  BaseClass.java:70 - Browser instance has started
2024-02-19 17:06:30,594 INFO  BaseClass.java:231 - https://login.salesforce.com/ is launched
2024-02-19 17:06:30,594 INFO  BaseClass.java:472 - Waiting until page loads within  expectedtime period
2024-02-19 17:06:30,611 INFO  SalesforceListenerUtility.java:27 - loginErrorMessage.......test execution started........
2024-02-19 17:06:30,612 INFO  SalesforceLoginPage_Testcases.java:126 - ..............stated loginErrorMessage..............
2024-02-19 17:06:30,615 INFO  BaseClass.java:257 - Login | Salesforce  matched with Login | Salesforce
ObjectLogger->com.aventstack.extentreports.ExtentTest@58a2b917
2024-02-19 17:06:30,969 INFO  BaseClass.java:145 - [[FirefoxDriver: firefox on MAC (e7da0151-6709-46b7-9355-aa26aa237928)] -> xpath: //*[@id='username']]Is enabled and clicked
ObjectLogger->com.aventstack.extentreports.ExtentTest@58a2b917
2024-02-19 17:06:31,113 INFO  BaseClass.java:150 - UsernameIs displayed  in textarea
ObjectLogger->com.aventstack.extentreports.ExtentTest@58a2b917
2024-02-19 17:06:34,342 INFO  BaseClass.java:145 - [[FirefoxDriver: firefox on MAC (e7da0151-6709-46b7-9355-aa26aa237928)] -> xpath: //*[@id='password']]Is enabled and clicked
ObjectLogger->com.aventstack.extentreports.ExtentTest@58a2b917
2024-02-19 17:06:34,351 INFO  BaseClass.java:150 - PasswordIs displayed  in textarea
ObjectLogger->com.aventstack.extentreports.ExtentTest@58a2b917
2024-02-19 17:06:39,598 INFO  BaseClass.java:213 - login Button Is enabled and clicked
ObjectLogger->com.aventstack.extentreports.ExtentTest@58a2b917
]]></system-out>
    <system-err><![CDATA[1708391186241	Marionette	INFO	Stopped listening on port 57103
JavaScript error: resource://gre/modules/UrlClassifierListManager.sys.mjs, line 720: TypeError: this.tablesData[table] is undefined
1708391186917	geckodriver	INFO	Listening on 127.0.0.1:15425
1708391186932	mozrunner::runner	INFO	Running command: MOZ_CRASHREPORTER="1" MOZ_CRASHREPORTER_NO_REPORT="1" MOZ_CRASHREPORTER_SHUTDOWN="1" MOZ_NO_REMOTE="1" "/App ... "--marionette" "-foreground" "-no-remote" "-profile" "/var/folders/gx/qjsbcn6d6d33b4myp5smvrgr0000gp/T/rust_mozprofilelesya8"
console.warn: services.settings: Ignoring preference override of remote settings server
console.warn: services.settings: Allow by setting MOZ_REMOTE_SETTINGS_DEVTOOLS=1 in the environment
1708391187735	Marionette	INFO	Marionette enabled
1708391187945	Marionette	INFO	Listening on port 57188
Read port: 57188
1708391188166	RemoteAgent	WARN	TLS certificate errors will be ignored for this session
Feb 19, 2024 5:06:29 PM org.openqa.selenium.remote.ProtocolHandshake createSession
INFO: Detected dialect: W3C
console.warn: LoginRecipes: "Falling back to a synchronous message for: https://login.salesforce.com."
console.warn: LoginRecipes: "Falling back to a synchronous message for: https://login.salesforce.com."
]]></system-err>
  </testcase>
  <testcase name="login_Homepage" classname="com.salesforce.automation.SalesforceLoginPage_Testcases" time="4.198">
    <failure message="expected [Home Page ~ Salesforce - Developer Edition] but found []" type="java.lang.AssertionError"><![CDATA[java.lang.AssertionError: expected [Home Page ~ Salesforce - Developer Edition] but found []
	at org.testng.Assert.fail(Assert.java:110)
	at org.testng.Assert.failNotEquals(Assert.java:1577)
	at org.testng.Assert.assertEqualsImpl(Assert.java:149)
	at org.testng.Assert.assertEquals(Assert.java:131)
	at org.testng.Assert.assertEquals(Assert.java:655)
	at org.testng.Assert.assertEquals(Assert.java:665)
	at com.salesforce.base.BaseClass.assertTitle(BaseClass.java:256)
	at com.salesforce.automation.SalesforceLoginPage_Testcases.login_Homepage(SalesforceLoginPage_Testcases.java:66)
	at java.base/jdk.internal.reflect.NativeMethodAccessorImpl.invoke0(Native Method)
	at java.base/jdk.internal.reflect.NativeMethodAccessorImpl.invoke(NativeMethodAccessorImpl.java:77)
	at java.base/jdk.internal.reflect.DelegatingMethodAccessorImpl.invoke(DelegatingMethodAccessorImpl.java:43)
	at java.base/java.lang.reflect.Method.invoke(Method.java:568)
	at org.testng.internal.invokers.MethodInvocationHelper.invokeMethod(MethodInvocationHelper.java:139)
	at org.testng.internal.invokers.TestInvoker.invokeMethod(TestInvoker.java:677)
	at org.testng.internal.invokers.TestInvoker.invokeTestMethod(TestInvoker.java:221)
	at org.testng.internal.invokers.MethodRunner.runInSequence(MethodRunner.java:50)
	at org.testng.internal.invokers.TestInvoker$MethodInvocationAgent.invoke(TestInvoker.java:969)
	at org.testng.internal.invokers.TestInvoker.invokeTestMethods(TestInvoker.java:194)
	at org.testng.internal.invokers.TestMethodWorker.invokeTestMethods(TestMethodWorker.java:148)
	at org.testng.internal.invokers.TestMethodWorker.run(TestMethodWorker.java:128)
	at java.base/java.util.ArrayList.forEach(ArrayList.java:1511)
	at org.testng.TestRunner.privateRun(TestRunner.java:829)
	at org.testng.TestRunner.run(TestRunner.java:602)
	at org.testng.SuiteRunner.runTest(SuiteRunner.java:437)
	at org.testng.SuiteRunner.runSequentially(SuiteRunner.java:431)
	at org.testng.SuiteRunner.privateRun(SuiteRunner.java:391)
	at org.testng.SuiteRunner.run(SuiteRunner.java:330)
	at org.testng.SuiteRunnerWorker.runSuite(SuiteRunnerWorker.java:52)
	at org.testng.SuiteRunnerWorker.run(SuiteRunnerWorker.java:95)
	at org.testng.TestNG.runSuitesSequentially(TestNG.java:1256)
	at org.testng.TestNG.runSuitesLocally(TestNG.java:1176)
	at org.testng.TestNG.runSuites(TestNG.java:1099)
	at org.testng.TestNG.run(TestNG.java:1067)
	at org.apache.maven.surefire.testng.TestNGExecutor.run(TestNGExecutor.java:308)
	at org.apache.maven.surefire.testng.TestNGXmlTestSuite.execute(TestNGXmlTestSuite.java:71)
	at org.apache.maven.surefire.testng.TestNGProvider.invoke(TestNGProvider.java:113)
	at org.apache.maven.surefire.booter.ForkedBooter.runSuitesInProcess(ForkedBooter.java:385)
	at org.apache.maven.surefire.booter.ForkedBooter.execute(ForkedBooter.java:162)
	at org.apache.maven.surefire.booter.ForkedBooter.run(ForkedBooter.java:507)
	at org.apache.maven.surefire.booter.ForkedBooter.main(ForkedBooter.java:495)
]]></failure>
    <system-out><![CDATA[2024-02-19 17:06:46,625 ERROR SalesforceListenerUtility.java:45 - loginErrorMessage.......test execution completed with failure........
ObjectLogger->com.aventstack.extentreports.ExtentTest@58a2b917
2024-02-19 17:06:46,817 INFO  BaseClass.java:424 - captures the screenshot
ObjectLogger->com.aventstack.extentreports.ExtentTest@58a2b917
ObjectLogger->com.aventstack.extentreports.ExtentTest@58a2b917
ObjectLogger->com.aventstack.extentreports.ExtentTest@58a2b917
2024-02-19 17:06:47,517 INFO  BaseClass.java:242 - browser is closed
2024-02-19 17:06:50,432 INFO  BaseClass.java:70 - Browser instance has started
2024-02-19 17:06:51,162 INFO  BaseClass.java:231 - https://login.salesforce.com/ is launched
2024-02-19 17:06:51,163 INFO  BaseClass.java:472 - Waiting until page loads within  expectedtime period
2024-02-19 17:06:51,170 INFO  SalesforceListenerUtility.java:27 - login_Homepage.......test execution started........
2024-02-19 17:06:51,170 INFO  SalesforceLoginPage_Testcases.java:64 - ..............stated login_Homepage()...............
2024-02-19 17:06:51,859 INFO  BaseClass.java:94 - email_field is IS WAITED FOR VISIBLITY
ObjectLogger->com.aventstack.extentreports.ExtentTest@5d342959
2024-02-19 17:06:52,221 INFO  BaseClass.java:145 - [[FirefoxDriver: firefox on MAC (51310e26-373e-4917-bf54-aea3204856bd)] -> xpath: //*[@id='username']]Is enabled and clicked
ObjectLogger->com.aventstack.extentreports.ExtentTest@5d342959
2024-02-19 17:06:52,311 INFO  BaseClass.java:150 - UsernameIs displayed  in textarea
ObjectLogger->com.aventstack.extentreports.ExtentTest@5d342959
2024-02-19 17:06:52,312 INFO  BaseSalesForceClass.java:66 - Email is entered in a Field 
2024-02-19 17:06:52,555 INFO  BaseClass.java:145 - [[FirefoxDriver: firefox on MAC (51310e26-373e-4917-bf54-aea3204856bd)] -> xpath: //*[@id='password']]Is enabled and clicked
ObjectLogger->com.aventstack.extentreports.ExtentTest@5d342959
2024-02-19 17:06:52,567 INFO  BaseClass.java:150 - PasswordIs displayed  in textarea
ObjectLogger->com.aventstack.extentreports.ExtentTest@5d342959
2024-02-19 17:06:52,567 INFO  BaseSalesForceClass.java:70 - Password is entered in a Field 
2024-02-19 17:06:52,587 INFO  BaseClass.java:94 - Login  IS WAITED FOR VISIBLITY
ObjectLogger->com.aventstack.extentreports.ExtentTest@5d342959
2024-02-19 17:06:55,355 INFO  BaseClass.java:213 - login  Is enabled and clicked
ObjectLogger->com.aventstack.extentreports.ExtentTest@5d342959
2024-02-19 17:06:55,356 INFO  BaseSalesForceClass.java:75 - Successfully logged to the Home page
ObjectLogger->com.aventstack.extentreports.ExtentTest@5d342959
2024-02-19 17:06:55,366 ERROR BaseClass.java:260 - not   matched with Home Page ~ Salesforce - Developer Edition
]]></system-out>
    <system-err><![CDATA[1708391206828	Marionette	INFO	Stopped listening on port 57188
1708391207573	geckodriver	INFO	Listening on 127.0.0.1:27101
1708391207592	mozrunner::runner	INFO	Running command: MOZ_CRASHREPORTER="1" MOZ_CRASHREPORTER_NO_REPORT="1" MOZ_CRASHREPORTER_SHUTDOWN="1" MOZ_NO_REMOTE="1" "/App ... "--marionette" "-foreground" "-no-remote" "-profile" "/var/folders/gx/qjsbcn6d6d33b4myp5smvrgr0000gp/T/rust_mozprofilewiKdX1"
console.warn: services.settings: Ignoring preference override of remote settings server
console.warn: services.settings: Allow by setting MOZ_REMOTE_SETTINGS_DEVTOOLS=1 in the environment
1708391208275	Marionette	INFO	Marionette enabled
1708391208501	Marionette	INFO	Listening on port 57311
Read port: 57311
1708391209116	RemoteAgent	WARN	TLS certificate errors will be ignored for this session
Feb 19, 2024 5:06:50 PM org.openqa.selenium.remote.ProtocolHandshake createSession
INFO: Detected dialect: W3C
console.warn: LoginRecipes: "Falling back to a synchronous message for: https://login.salesforce.com."
console.warn: LoginRecipes: "Falling back to a synchronous message for: https://login.salesforce.com."
]]></system-err>
  </testcase>
  <testcase name="rememberUser_checkbox" classname="com.salesforce.automation.SalesforceLoginPage_Testcases" time="1.979">
    <failure message="expected [Home Page ~ Salesforce - Developer Edition] but found [Login | Salesforce]" type="java.lang.AssertionError"><![CDATA[java.lang.AssertionError: expected [Home Page ~ Salesforce - Developer Edition] but found [Login | Salesforce]
	at org.testng.Assert.fail(Assert.java:110)
	at org.testng.Assert.failNotEquals(Assert.java:1577)
	at org.testng.Assert.assertEqualsImpl(Assert.java:149)
	at org.testng.Assert.assertEquals(Assert.java:131)
	at org.testng.Assert.assertEquals(Assert.java:655)
	at org.testng.Assert.assertEquals(Assert.java:665)
	at com.salesforce.base.BaseClass.assertTitle(BaseClass.java:256)
	at com.salesforce.automation.SalesforceLoginPage_Testcases.rememberUser_checkbox(SalesforceLoginPage_Testcases.java:92)
	at java.base/jdk.internal.reflect.NativeMethodAccessorImpl.invoke0(Native Method)
	at java.base/jdk.internal.reflect.NativeMethodAccessorImpl.invoke(NativeMethodAccessorImpl.java:77)
	at java.base/jdk.internal.reflect.DelegatingMethodAccessorImpl.invoke(DelegatingMethodAccessorImpl.java:43)
	at java.base/java.lang.reflect.Method.invoke(Method.java:568)
	at org.testng.internal.invokers.MethodInvocationHelper.invokeMethod(MethodInvocationHelper.java:139)
	at org.testng.internal.invokers.TestInvoker.invokeMethod(TestInvoker.java:677)
	at org.testng.internal.invokers.TestInvoker.invokeTestMethod(TestInvoker.java:221)
	at org.testng.internal.invokers.MethodRunner.runInSequence(MethodRunner.java:50)
	at org.testng.internal.invokers.TestInvoker$MethodInvocationAgent.invoke(TestInvoker.java:969)
	at org.testng.internal.invokers.TestInvoker.invokeTestMethods(TestInvoker.java:194)
	at org.testng.internal.invokers.TestMethodWorker.invokeTestMethods(TestMethodWorker.java:148)
	at org.testng.internal.invokers.TestMethodWorker.run(TestMethodWorker.java:128)
	at java.base/java.util.ArrayList.forEach(ArrayList.java:1511)
	at org.testng.TestRunner.privateRun(TestRunner.java:829)
	at org.testng.TestRunner.run(TestRunner.java:602)
	at org.testng.SuiteRunner.runTest(SuiteRunner.java:437)
	at org.testng.SuiteRunner.runSequentially(SuiteRunner.java:431)
	at org.testng.SuiteRunner.privateRun(SuiteRunner.java:391)
	at org.testng.SuiteRunner.run(SuiteRunner.java:330)
	at org.testng.SuiteRunnerWorker.runSuite(SuiteRunnerWorker.java:52)
	at org.testng.SuiteRunnerWorker.run(SuiteRunnerWorker.java:95)
	at org.testng.TestNG.runSuitesSequentially(TestNG.java:1256)
	at org.testng.TestNG.runSuitesLocally(TestNG.java:1176)
	at org.testng.TestNG.runSuites(TestNG.java:1099)
	at org.testng.TestNG.run(TestNG.java:1067)
	at org.apache.maven.surefire.testng.TestNGExecutor.run(TestNGExecutor.java:308)
	at org.apache.maven.surefire.testng.TestNGXmlTestSuite.execute(TestNGXmlTestSuite.java:71)
	at org.apache.maven.surefire.testng.TestNGProvider.invoke(TestNGProvider.java:113)
	at org.apache.maven.surefire.booter.ForkedBooter.runSuitesInProcess(ForkedBooter.java:385)
	at org.apache.maven.surefire.booter.ForkedBooter.execute(ForkedBooter.java:162)
	at org.apache.maven.surefire.booter.ForkedBooter.run(ForkedBooter.java:507)
	at org.apache.maven.surefire.booter.ForkedBooter.main(ForkedBooter.java:495)
]]></failure>
    <system-out><![CDATA[2024-02-19 17:06:55,368 ERROR SalesforceListenerUtility.java:45 - login_Homepage.......test execution completed with failure........
ObjectLogger->com.aventstack.extentreports.ExtentTest@5d342959
2024-02-19 17:06:55,450 INFO  BaseClass.java:424 - captures the screenshot
ObjectLogger->com.aventstack.extentreports.ExtentTest@5d342959
ObjectLogger->com.aventstack.extentreports.ExtentTest@5d342959
ObjectLogger->com.aventstack.extentreports.ExtentTest@5d342959
2024-02-19 17:06:56,460 INFO  BaseClass.java:242 - browser is closed
2024-02-19 17:06:59,297 INFO  BaseClass.java:70 - Browser instance has started
2024-02-19 17:07:00,204 INFO  BaseClass.java:231 - https://login.salesforce.com/ is launched
2024-02-19 17:07:00,205 INFO  BaseClass.java:472 - Waiting until page loads within  expectedtime period
2024-02-19 17:07:00,212 INFO  SalesforceListenerUtility.java:27 - rememberUser_checkbox.......test execution started........
2024-02-19 17:07:00,213 INFO  SalesforceLoginPage_Testcases.java:73 - ..............stated  rememberUser_checkbox..............
2024-02-19 17:07:00,251 INFO  BaseClass.java:94 - email_field is IS WAITED FOR VISIBLITY
ObjectLogger->com.aventstack.extentreports.ExtentTest@1c067c0d
2024-02-19 17:07:00,537 INFO  BaseClass.java:145 - [[FirefoxDriver: firefox on MAC (430970c1-2ef9-45d1-8d81-bd166092465b)] -> xpath: //*[@id='username']]Is enabled and clicked
ObjectLogger->com.aventstack.extentreports.ExtentTest@1c067c0d
2024-02-19 17:07:00,563 INFO  BaseClass.java:150 - UsernameIs displayed  in textarea
ObjectLogger->com.aventstack.extentreports.ExtentTest@1c067c0d
2024-02-19 17:07:00,563 INFO  SalesforceLoginPage_Testcases.java:80 - Email is entered in a Field 
2024-02-19 17:07:00,796 INFO  BaseClass.java:145 - [[FirefoxDriver: firefox on MAC (430970c1-2ef9-45d1-8d81-bd166092465b)] -> xpath: //*[@id='password']]Is enabled and clicked
ObjectLogger->com.aventstack.extentreports.ExtentTest@1c067c0d
2024-02-19 17:07:00,803 INFO  BaseClass.java:150 - PasswordIs displayed  in textarea
ObjectLogger->com.aventstack.extentreports.ExtentTest@1c067c0d
2024-02-19 17:07:00,803 INFO  SalesforceLoginPage_Testcases.java:84 - Password is entered in a Field 
2024-02-19 17:07:00,849 INFO  BaseClass.java:94 - Remember checkbox IS WAITED FOR VISIBLITY
ObjectLogger->com.aventstack.extentreports.ExtentTest@1c067c0d
2024-02-19 17:07:01,626 INFO  BaseClass.java:213 - RemembercheckIs enabled and clicked
ObjectLogger->com.aventstack.extentreports.ExtentTest@1c067c0d
2024-02-19 17:07:01,686 INFO  BaseClass.java:94 - Login  IS WAITED FOR VISIBLITY
ObjectLogger->com.aventstack.extentreports.ExtentTest@1c067c0d
2024-02-19 17:07:02,186 INFO  BaseClass.java:213 - login  Is enabled and clicked
ObjectLogger->com.aventstack.extentreports.ExtentTest@1c067c0d
2024-02-19 17:07:02,190 ERROR BaseClass.java:260 - Login | Salesforcenot   matched with Home Page ~ Salesforce - Developer Edition
]]></system-out>
    <system-err><![CDATA[1708391215455	Marionette	INFO	Stopped listening on port 57311
1708391216482	geckodriver	INFO	Listening on 127.0.0.1:38118
1708391216493	mozrunner::runner	INFO	Running command: MOZ_CRASHREPORTER="1" MOZ_CRASHREPORTER_NO_REPORT="1" MOZ_CRASHREPORTER_SHUTDOWN="1" MOZ_NO_REMOTE="1" "/App ... "--marionette" "-foreground" "-no-remote" "-profile" "/var/folders/gx/qjsbcn6d6d33b4myp5smvrgr0000gp/T/rust_mozprofileo6Htb9"
console.warn: services.settings: Ignoring preference override of remote settings server
console.warn: services.settings: Allow by setting MOZ_REMOTE_SETTINGS_DEVTOOLS=1 in the environment
1708391217028	Marionette	INFO	Marionette enabled
1708391217255	Marionette	INFO	Listening on port 57423
Read port: 57423
1708391218070	RemoteAgent	WARN	TLS certificate errors will be ignored for this session
Feb 19, 2024 5:06:59 PM org.openqa.selenium.remote.ProtocolHandshake createSession
INFO: Detected dialect: W3C
1708391221414	Marionette	WARN	TimedPromise timed out after 500 ms: stacktrace:
TimedPromise/<@chrome://remote/content/marionette/sync.sys.mjs:219:24
TimedPromise@chrome://remote/content/marionette/sync.sys.mjs:203:10
interaction.flushEventLoop@chrome://remote/content/marionette/interaction.sys.mjs:466:10
webdriverClickElement@chrome://remote/content/marionette/interaction.sys.mjs:219:33
e@https://www.salesforce.com/etc/clientlibs/sfdc-aem-master/clientlibs_www_tags.min.js:2:111
@https://www.salesforce.com/etc/clientlibs/sfdc-aem-master/clientlibs_www_tags.min.js:2:146
@https://www.salesforce.com/etc/clientlibs/sfdc-aem-master/clientlibs_www_tags.min.js:2:395
@https://www.salesforce.com/etc/clientlibs/sfdc-aem-master/clientlibs_www_tags.min.js:2:399
console.warn: LoginRecipes: "Falling back to a synchronous message for: https://login.salesforce.com."
console.warn: LoginRecipes: "Falling back to a synchronous message for: https://login.salesforce.com."
console.warn: LoginRecipes: "Falling back to a synchronous message for: https://login.salesforce.com."
]]></system-err>
  </testcase>
  <testcase name="OpportunityPipelineReport" classname="com.salesforce.automation.SalesforceCreateOpty_Testcases" time="11.025">
    <system-out><![CDATA[2024-02-19 17:07:02,191 ERROR SalesforceListenerUtility.java:45 - rememberUser_checkbox.......test execution completed with failure........
ObjectLogger->com.aventstack.extentreports.ExtentTest@1c067c0d
2024-02-19 17:07:02,360 INFO  BaseClass.java:424 - captures the screenshot
ObjectLogger->com.aventstack.extentreports.ExtentTest@1c067c0d
ObjectLogger->com.aventstack.extentreports.ExtentTest@1c067c0d
ObjectLogger->com.aventstack.extentreports.ExtentTest@1c067c0d
2024-02-19 17:07:03,345 INFO  BaseClass.java:242 - browser is closed
2024-02-19 17:07:03,369 INFO  SalesforceListenerUtility.java:70 - .......<test> execution completed........
2024-02-19 17:07:03,677 INFO  SalesforceListenerUtility.java:62 - .......<test> execution started........
2024-02-19 17:07:03,699 INFO  BaseClass.java:59 - Browser instance has started
2024-02-19 17:07:05,904 INFO  BaseClass.java:231 - https://login.salesforce.com/ is launched
2024-02-19 17:07:05,905 INFO  BaseClass.java:472 - Waiting until page loads within  expectedtime period
2024-02-19 17:07:05,908 INFO  SalesforceListenerUtility.java:27 - OpportunityPipelineReport.......test execution started........
2024-02-19 17:07:06,627 INFO  BaseClass.java:94 - email_field is IS WAITED FOR VISIBLITY
ObjectLogger->com.aventstack.extentreports.ExtentTest@113f9078
2024-02-19 17:07:06,960 INFO  BaseClass.java:145 - [[ChromeDriver: chrome on MAC (5eafdb9ab8dad3f7afd5f110a0a676dc)] -> xpath: //*[@id='username']]Is enabled and clicked
ObjectLogger->com.aventstack.extentreports.ExtentTest@113f9078
2024-02-19 17:07:07,074 INFO  BaseClass.java:150 - UsernameIs displayed  in textarea
ObjectLogger->com.aventstack.extentreports.ExtentTest@113f9078
2024-02-19 17:07:07,074 INFO  BaseSalesForceClass.java:66 - Email is entered in a Field 
2024-02-19 17:07:07,333 INFO  BaseClass.java:145 - [[ChromeDriver: chrome on MAC (5eafdb9ab8dad3f7afd5f110a0a676dc)] -> xpath: //*[@id='password']]Is enabled and clicked
ObjectLogger->com.aventstack.extentreports.ExtentTest@113f9078
2024-02-19 17:07:07,381 INFO  BaseClass.java:150 - PasswordIs displayed  in textarea
ObjectLogger->com.aventstack.extentreports.ExtentTest@113f9078
2024-02-19 17:07:07,382 INFO  BaseSalesForceClass.java:70 - Password is entered in a Field 
2024-02-19 17:07:07,421 INFO  BaseClass.java:94 - Login  IS WAITED FOR VISIBLITY
ObjectLogger->com.aventstack.extentreports.ExtentTest@113f9078
2024-02-19 17:07:10,130 INFO  BaseClass.java:213 - login  Is enabled and clicked
ObjectLogger->com.aventstack.extentreports.ExtentTest@113f9078
2024-02-19 17:07:10,130 INFO  BaseSalesForceClass.java:75 - Successfully logged to the Home page
ObjectLogger->com.aventstack.extentreports.ExtentTest@113f9078
2024-02-19 17:07:13,053 INFO  BaseClass.java:213 - Opportunities    Is enabled and clicked
ObjectLogger->com.aventstack.extentreports.ExtentTest@113f9078
2024-02-19 17:07:13,062 INFO  BaseClass.java:257 - Opportunities: Home ~ Salesforce - Developer Edition  matched with Opportunities: Home ~ Salesforce - Developer Edition
ObjectLogger->com.aventstack.extentreports.ExtentTest@113f9078
2024-02-19 17:07:14,817 INFO  BaseClass.java:626 - Dropdown options match the expected list options.
ObjectLogger->com.aventstack.extentreports.ExtentTest@113f9078
2024-02-19 17:07:14,817 INFO  SalesforceCreateOpty_Testcases.java:35 - All assertion passed
ObjectLogger->com.aventstack.extentreports.ExtentTest@113f9078
2024-02-19 17:07:16,776 INFO  BaseClass.java:213 - Oppurtunity link Is enabled and clicked
ObjectLogger->com.aventstack.extentreports.ExtentTest@113f9078
2024-02-19 17:07:16,802 INFO  BaseClass.java:257 - Opportunity Pipeline ~ Salesforce - Developer Edition  matched with Opportunity Pipeline ~ Salesforce - Developer Edition
ObjectLogger->com.aventstack.extentreports.ExtentTest@113f9078
Report Generation Status:
Complete
 
2024-02-19 17:07:16,905 INFO  SalesforceCreateOpty_Testcases.java:133 - Matches the report generation status
ObjectLogger->com.aventstack.extentreports.ExtentTest@113f9078
2024-02-19 17:07:16,933 INFO  BaseClass.java:302 - Opportunity Pipeline  matched with Opportunity Pipeline
ObjectLogger->com.aventstack.extentreports.ExtentTest@113f9078
2024-02-19 17:07:16,933 INFO  SalesforceCreateOpty_Testcases.java:142 - All assertion passed
ObjectLogger->com.aventstack.extentreports.ExtentTest@113f9078
]]></system-out>
    <system-err><![CDATA[1708391222395	Marionette	INFO	Stopped listening on port 57423
JavaScript warning: https://www.salesforce.com/etc.clientlibs/clientlibs/granite/jquery.min.js, line 47: Script terminated by timeout at:
c.fn.extend@https://www.salesforce.com/etc.clientlibs/clientlibs/granite/jquery.min.js:47:59
@https://www.salesforce.com/etc.clientlibs/clientlibs/granite/jquery.min.js:149:32
@https://www.salesforce.com/etc.clientlibs/clientlibs/granite/jquery.min.js:149:360
@https://www.salesforce.com/etc.clientlibs/clientlibs/granite/jquery.min.js:22:208
@https://www.salesforce.com/etc.clientlibs/clientlibs/granite/jquery.min.js:22:215

JavaScript error: https://www.salesforce.com/etc.clientlibs/clientlibs/granite/utils.min.js, line 5: ReferenceError: jQuery is not defined
JavaScript error: https://www.salesforce.com/etc.clientlibs/clientlibs/granite/jquery/granite.min.js, line 3: ReferenceError: jQuery is not defined
JavaScript error: https://www.salesforce.com/etc.clientlibs/foundation/clientlibs/jquery.min.js, line 1: ReferenceError: _g is not defined
JavaScript error: https://www.salesforce.com/etc/clientlibs/sfdc-aem-master/clientlibs_analytics_login_top.min.js, line 6: ReferenceError: jQuery is not defined
Starting ChromeDriver 121.0.6167.184 (057a8ae7deb3374d0f1b04b36304d236f0136188-refs/branch-heads/6167@{#1818}) on port 12464
Only local connections are allowed.
Please see https://chromedriver.chromium.org/security-considerations for suggestions on keeping ChromeDriver safe.
ChromeDriver was started successfully.
Feb 19, 2024 5:07:05 PM org.openqa.selenium.remote.ProtocolHandshake createSession
INFO: Detected dialect: W3C
]]></system-err>
  </testcase>
  <testcase name="QuarterlySummaryReport" classname="com.salesforce.automation.SalesforceCreateOpty_Testcases" time="9.165">
    <failure message="null" type="java.lang.AssertionError"><![CDATA[java.lang.AssertionError: null
	at org.testng.Assert.fail(Assert.java:110)
	at org.testng.Assert.fail(Assert.java:115)
	at com.salesforce.automation.SalesforceCreateOpty_Testcases.QuarterlySummaryReport(SalesforceCreateOpty_Testcases.java:192)
	at java.base/jdk.internal.reflect.NativeMethodAccessorImpl.invoke0(Native Method)
	at java.base/jdk.internal.reflect.NativeMethodAccessorImpl.invoke(NativeMethodAccessorImpl.java:77)
	at java.base/jdk.internal.reflect.DelegatingMethodAccessorImpl.invoke(DelegatingMethodAccessorImpl.java:43)
	at java.base/java.lang.reflect.Method.invoke(Method.java:568)
	at org.testng.internal.invokers.MethodInvocationHelper.invokeMethod(MethodInvocationHelper.java:139)
	at org.testng.internal.invokers.TestInvoker.invokeMethod(TestInvoker.java:677)
	at org.testng.internal.invokers.TestInvoker.invokeTestMethod(TestInvoker.java:221)
	at org.testng.internal.invokers.MethodRunner.runInSequence(MethodRunner.java:50)
	at org.testng.internal.invokers.TestInvoker$MethodInvocationAgent.invoke(TestInvoker.java:969)
	at org.testng.internal.invokers.TestInvoker.invokeTestMethods(TestInvoker.java:194)
	at org.testng.internal.invokers.TestMethodWorker.invokeTestMethods(TestMethodWorker.java:148)
	at org.testng.internal.invokers.TestMethodWorker.run(TestMethodWorker.java:128)
	at java.base/java.util.ArrayList.forEach(ArrayList.java:1511)
	at org.testng.TestRunner.privateRun(TestRunner.java:829)
	at org.testng.TestRunner.run(TestRunner.java:602)
	at org.testng.SuiteRunner.runTest(SuiteRunner.java:437)
	at org.testng.SuiteRunner.runSequentially(SuiteRunner.java:431)
	at org.testng.SuiteRunner.privateRun(SuiteRunner.java:391)
	at org.testng.SuiteRunner.run(SuiteRunner.java:330)
	at org.testng.SuiteRunnerWorker.runSuite(SuiteRunnerWorker.java:52)
	at org.testng.SuiteRunnerWorker.run(SuiteRunnerWorker.java:95)
	at org.testng.TestNG.runSuitesSequentially(TestNG.java:1256)
	at org.testng.TestNG.runSuitesLocally(TestNG.java:1176)
	at org.testng.TestNG.runSuites(TestNG.java:1099)
	at org.testng.TestNG.run(TestNG.java:1067)
	at org.apache.maven.surefire.testng.TestNGExecutor.run(TestNGExecutor.java:308)
	at org.apache.maven.surefire.testng.TestNGXmlTestSuite.execute(TestNGXmlTestSuite.java:71)
	at org.apache.maven.surefire.testng.TestNGProvider.invoke(TestNGProvider.java:113)
	at org.apache.maven.surefire.booter.ForkedBooter.runSuitesInProcess(ForkedBooter.java:385)
	at org.apache.maven.surefire.booter.ForkedBooter.execute(ForkedBooter.java:162)
	at org.apache.maven.surefire.booter.ForkedBooter.run(ForkedBooter.java:507)
	at org.apache.maven.surefire.booter.ForkedBooter.main(ForkedBooter.java:495)
]]></failure>
    <system-out><![CDATA[2024-02-19 17:07:16,934 INFO  SalesforceListenerUtility.java:36 - OpportunityPipelineReport.......test execution sucess........
ObjectLogger->com.aventstack.extentreports.ExtentTest@113f9078
2024-02-19 17:07:17,065 INFO  BaseClass.java:242 - browser is closed
2024-02-19 17:07:17,099 INFO  BaseClass.java:59 - Browser instance has started
2024-02-19 17:07:19,111 INFO  BaseClass.java:231 - https://login.salesforce.com/ is launched
2024-02-19 17:07:19,112 INFO  BaseClass.java:472 - Waiting until page loads within  expectedtime period
2024-02-19 17:07:19,117 INFO  SalesforceListenerUtility.java:27 - QuarterlySummaryReport.......test execution started........
2024-02-19 17:07:19,835 INFO  BaseClass.java:94 - email_field is IS WAITED FOR VISIBLITY
ObjectLogger->com.aventstack.extentreports.ExtentTest@4602f874
2024-02-19 17:07:20,304 INFO  BaseClass.java:145 - [[ChromeDriver: chrome on MAC (39d5819b96e48f2b62714313131b8427)] -> xpath: //*[@id='username']]Is enabled and clicked
ObjectLogger->com.aventstack.extentreports.ExtentTest@4602f874
2024-02-19 17:07:20,492 INFO  BaseClass.java:150 - UsernameIs displayed  in textarea
ObjectLogger->com.aventstack.extentreports.ExtentTest@4602f874
2024-02-19 17:07:20,493 INFO  BaseSalesForceClass.java:66 - Email is entered in a Field 
2024-02-19 17:07:20,611 INFO  BaseClass.java:145 - [[ChromeDriver: chrome on MAC (39d5819b96e48f2b62714313131b8427)] -> xpath: //*[@id='password']]Is enabled and clicked
ObjectLogger->com.aventstack.extentreports.ExtentTest@4602f874
2024-02-19 17:07:20,780 INFO  BaseClass.java:150 - PasswordIs displayed  in textarea
ObjectLogger->com.aventstack.extentreports.ExtentTest@4602f874
2024-02-19 17:07:20,781 INFO  BaseSalesForceClass.java:70 - Password is entered in a Field 
2024-02-19 17:07:20,925 INFO  BaseClass.java:94 - Login  IS WAITED FOR VISIBLITY
ObjectLogger->com.aventstack.extentreports.ExtentTest@4602f874
2024-02-19 17:07:22,825 INFO  BaseClass.java:213 - login  Is enabled and clicked
ObjectLogger->com.aventstack.extentreports.ExtentTest@4602f874
2024-02-19 17:07:22,825 INFO  BaseSalesForceClass.java:75 - Successfully logged to the Home page
ObjectLogger->com.aventstack.extentreports.ExtentTest@4602f874
2024-02-19 17:07:25,869 INFO  BaseClass.java:213 - Opportunities    Is enabled and clicked
ObjectLogger->com.aventstack.extentreports.ExtentTest@4602f874
2024-02-19 17:07:25,874 INFO  BaseClass.java:257 - Opportunities: Home ~ Salesforce - Developer Edition  matched with Opportunities: Home ~ Salesforce - Developer Edition
ObjectLogger->com.aventstack.extentreports.ExtentTest@4602f874
2024-02-19 17:07:26,065 INFO  BaseClass.java:626 - Dropdown options match the expected list options.
ObjectLogger->com.aventstack.extentreports.ExtentTest@4602f874
2024-02-19 17:07:26,065 INFO  SalesforceCreateOpty_Testcases.java:35 - All assertion passed
ObjectLogger->com.aventstack.extentreports.ExtentTest@4602f874
2024-02-19 17:07:27,142 INFO  BaseClass.java:557 - Dropdown element is clicked
ObjectLogger->com.aventstack.extentreports.ExtentTest@4602f874
2024-02-19 17:07:27,262 INFO  BaseClass.java:562 - 2' is selected from dropdown
2024-02-19 17:07:27,300 INFO  BaseClass.java:565 - selected option matches to the Actual option
ObjectLogger->com.aventstack.extentreports.ExtentTest@4602f874
2024-02-19 17:07:27,394 INFO  BaseClass.java:578 - Dropdown element is clicked
2024-02-19 17:07:27,500 INFO  BaseClass.java:588 - selected option matches to the Actual option
ObjectLogger->com.aventstack.extentreports.ExtentTest@4602f874
ObjectLogger->com.aventstack.extentreports.ExtentTest@4602f874
2024-02-19 17:07:28,251 INFO  BaseClass.java:213 - Run Report Is enabled and clicked
ObjectLogger->com.aventstack.extentreports.ExtentTest@4602f874
2024-02-19 17:07:28,256 INFO  BaseClass.java:257 - Opportunity Report ~ Salesforce - Developer Edition  matched with Opportunity Report ~ Salesforce - Developer Edition
ObjectLogger->com.aventstack.extentreports.ExtentTest@4602f874
Report Generation Status:
The report returned no results.
 
2024-02-19 17:07:28,282 ERROR SalesforceCreateOpty_Testcases.java:190 - Do not matching to the report generation status 
ObjectLogger->com.aventstack.extentreports.ExtentTest@4602f874
]]></system-out>
    <system-err><![CDATA[Starting ChromeDriver 121.0.6167.184 (057a8ae7deb3374d0f1b04b36304d236f0136188-refs/branch-heads/6167@{#1818}) on port 24570
Only local connections are allowed.
Please see https://chromedriver.chromium.org/security-considerations for suggestions on keeping ChromeDriver safe.
ChromeDriver was started successfully.
Feb 19, 2024 5:07:18 PM org.openqa.selenium.remote.ProtocolHandshake createSession
INFO: Detected dialect: W3C
]]></system-err>
  </testcase>
  <testcase name="StuckOpportunitiesReport" classname="com.salesforce.automation.SalesforceCreateOpty_Testcases" time="8.198">
    <system-out><![CDATA[2024-02-19 17:07:28,283 ERROR SalesforceListenerUtility.java:45 - QuarterlySummaryReport.......test execution completed with failure........
ObjectLogger->com.aventstack.extentreports.ExtentTest@4602f874
2024-02-19 17:07:28,618 INFO  BaseClass.java:424 - captures the screenshot
ObjectLogger->com.aventstack.extentreports.ExtentTest@4602f874
ObjectLogger->com.aventstack.extentreports.ExtentTest@4602f874
ObjectLogger->com.aventstack.extentreports.ExtentTest@4602f874
2024-02-19 17:07:28,742 INFO  BaseClass.java:242 - browser is closed
2024-02-19 17:07:28,764 INFO  BaseClass.java:59 - Browser instance has started
2024-02-19 17:07:30,585 INFO  BaseClass.java:231 - https://login.salesforce.com/ is launched
2024-02-19 17:07:30,585 INFO  BaseClass.java:472 - Waiting until page loads within  expectedtime period
2024-02-19 17:07:30,588 INFO  SalesforceListenerUtility.java:27 - StuckOpportunitiesReport.......test execution started........
2024-02-19 17:07:31,201 INFO  BaseClass.java:94 - email_field is IS WAITED FOR VISIBLITY
ObjectLogger->com.aventstack.extentreports.ExtentTest@1132baa3
2024-02-19 17:07:31,486 INFO  BaseClass.java:145 - [[ChromeDriver: chrome on MAC (a50e11b8e599b448838b1b255b3041c4)] -> xpath: //*[@id='username']]Is enabled and clicked
ObjectLogger->com.aventstack.extentreports.ExtentTest@1132baa3
2024-02-19 17:07:31,679 INFO  BaseClass.java:150 - UsernameIs displayed  in textarea
ObjectLogger->com.aventstack.extentreports.ExtentTest@1132baa3
2024-02-19 17:07:31,680 INFO  BaseSalesForceClass.java:66 - Email is entered in a Field 
2024-02-19 17:07:31,821 INFO  BaseClass.java:145 - [[ChromeDriver: chrome on MAC (a50e11b8e599b448838b1b255b3041c4)] -> xpath: //*[@id='password']]Is enabled and clicked
ObjectLogger->com.aventstack.extentreports.ExtentTest@1132baa3
2024-02-19 17:07:31,868 INFO  BaseClass.java:150 - PasswordIs displayed  in textarea
ObjectLogger->com.aventstack.extentreports.ExtentTest@1132baa3
2024-02-19 17:07:31,868 INFO  BaseSalesForceClass.java:70 - Password is entered in a Field 
2024-02-19 17:07:31,986 INFO  BaseClass.java:94 - Login  IS WAITED FOR VISIBLITY
ObjectLogger->com.aventstack.extentreports.ExtentTest@1132baa3
2024-02-19 17:07:34,115 INFO  BaseClass.java:213 - login  Is enabled and clicked
ObjectLogger->com.aventstack.extentreports.ExtentTest@1132baa3
2024-02-19 17:07:34,116 INFO  BaseSalesForceClass.java:75 - Successfully logged to the Home page
ObjectLogger->com.aventstack.extentreports.ExtentTest@1132baa3
2024-02-19 17:07:36,752 INFO  BaseClass.java:213 - Opportunities    Is enabled and clicked
ObjectLogger->com.aventstack.extentreports.ExtentTest@1132baa3
2024-02-19 17:07:36,757 INFO  BaseClass.java:257 - Opportunities: Home ~ Salesforce - Developer Edition  matched with Opportunities: Home ~ Salesforce - Developer Edition
ObjectLogger->com.aventstack.extentreports.ExtentTest@1132baa3
2024-02-19 17:07:36,946 INFO  BaseClass.java:626 - Dropdown options match the expected list options.
ObjectLogger->com.aventstack.extentreports.ExtentTest@1132baa3
2024-02-19 17:07:36,947 INFO  SalesforceCreateOpty_Testcases.java:35 - All assertion passed
ObjectLogger->com.aventstack.extentreports.ExtentTest@1132baa3
2024-02-19 17:07:38,732 INFO  BaseClass.java:213 - Stuck Oppurtunity link under reports Is enabled and clicked
ObjectLogger->com.aventstack.extentreports.ExtentTest@1132baa3
2024-02-19 17:07:38,737 INFO  BaseClass.java:257 - Stuck Opportunities ~ Salesforce - Developer Edition  matched with Stuck Opportunities ~ Salesforce - Developer Edition
ObjectLogger->com.aventstack.extentreports.ExtentTest@1132baa3
Report Generation Status:
Complete
 
2024-02-19 17:07:38,765 INFO  SalesforceCreateOpty_Testcases.java:158 - Matches the report generation status
ObjectLogger->com.aventstack.extentreports.ExtentTest@1132baa3
2024-02-19 17:07:38,785 INFO  BaseClass.java:302 - Stuck Opportunities  matched with Stuck Opportunities
ObjectLogger->com.aventstack.extentreports.ExtentTest@1132baa3
2024-02-19 17:07:38,786 INFO  SalesforceCreateOpty_Testcases.java:167 - All assertion passed
ObjectLogger->com.aventstack.extentreports.ExtentTest@1132baa3
]]></system-out>
    <system-err><![CDATA[Starting ChromeDriver 121.0.6167.184 (057a8ae7deb3374d0f1b04b36304d236f0136188-refs/branch-heads/6167@{#1818}) on port 18421
Only local connections are allowed.
Please see https://chromedriver.chromium.org/security-considerations for suggestions on keeping ChromeDriver safe.
ChromeDriver was started successfully.
Feb 19, 2024 5:07:29 PM org.openqa.selenium.remote.ProtocolHandshake createSession
INFO: Detected dialect: W3C
]]></system-err>
  </testcase>
  <testcase name="createNewOppty" classname="com.salesforce.automation.SalesforceCreateOpty_Testcases" time="14.979">
    <failure message="expected [https://dan000000cz3teag-dev-ed.develop.my.salesforce.com/006an000000lqXp] but found [https://dan000000cz3teag-dev-ed.develop.my.salesforce.com/006/e]" type="java.lang.AssertionError"><![CDATA[java.lang.AssertionError: expected [https://dan000000cz3teag-dev-ed.develop.my.salesforce.com/006an000000lqXp] but found [https://dan000000cz3teag-dev-ed.develop.my.salesforce.com/006/e]
	at org.testng.Assert.fail(Assert.java:110)
	at org.testng.Assert.failNotEquals(Assert.java:1577)
	at org.testng.Assert.assertEqualsImpl(Assert.java:149)
	at org.testng.Assert.assertEquals(Assert.java:131)
	at org.testng.Assert.assertEquals(Assert.java:655)
	at org.testng.Assert.assertEquals(Assert.java:665)
	at com.salesforce.base.BaseClass.assertCurrentURL(BaseClass.java:273)
	at com.salesforce.automation.SalesforceCreateOpty_Testcases.createNewOppty(SalesforceCreateOpty_Testcases.java:102)
	at java.base/jdk.internal.reflect.NativeMethodAccessorImpl.invoke0(Native Method)
	at java.base/jdk.internal.reflect.NativeMethodAccessorImpl.invoke(NativeMethodAccessorImpl.java:77)
	at java.base/jdk.internal.reflect.DelegatingMethodAccessorImpl.invoke(DelegatingMethodAccessorImpl.java:43)
	at java.base/java.lang.reflect.Method.invoke(Method.java:568)
	at org.testng.internal.invokers.MethodInvocationHelper.invokeMethod(MethodInvocationHelper.java:139)
	at org.testng.internal.invokers.TestInvoker.invokeMethod(TestInvoker.java:677)
	at org.testng.internal.invokers.TestInvoker.invokeTestMethod(TestInvoker.java:221)
	at org.testng.internal.invokers.MethodRunner.runInSequence(MethodRunner.java:50)
	at org.testng.internal.invokers.TestInvoker$MethodInvocationAgent.invoke(TestInvoker.java:969)
	at org.testng.internal.invokers.TestInvoker.invokeTestMethods(TestInvoker.java:194)
	at org.testng.internal.invokers.TestMethodWorker.invokeTestMethods(TestMethodWorker.java:148)
	at org.testng.internal.invokers.TestMethodWorker.run(TestMethodWorker.java:128)
	at java.base/java.util.ArrayList.forEach(ArrayList.java:1511)
	at org.testng.TestRunner.privateRun(TestRunner.java:829)
	at org.testng.TestRunner.run(TestRunner.java:602)
	at org.testng.SuiteRunner.runTest(SuiteRunner.java:437)
	at org.testng.SuiteRunner.runSequentially(SuiteRunner.java:431)
	at org.testng.SuiteRunner.privateRun(SuiteRunner.java:391)
	at org.testng.SuiteRunner.run(SuiteRunner.java:330)
	at org.testng.SuiteRunnerWorker.runSuite(SuiteRunnerWorker.java:52)
	at org.testng.SuiteRunnerWorker.run(SuiteRunnerWorker.java:95)
	at org.testng.TestNG.runSuitesSequentially(TestNG.java:1256)
	at org.testng.TestNG.runSuitesLocally(TestNG.java:1176)
	at org.testng.TestNG.runSuites(TestNG.java:1099)
	at org.testng.TestNG.run(TestNG.java:1067)
	at org.apache.maven.surefire.testng.TestNGExecutor.run(TestNGExecutor.java:308)
	at org.apache.maven.surefire.testng.TestNGXmlTestSuite.execute(TestNGXmlTestSuite.java:71)
	at org.apache.maven.surefire.testng.TestNGProvider.invoke(TestNGProvider.java:113)
	at org.apache.maven.surefire.booter.ForkedBooter.runSuitesInProcess(ForkedBooter.java:385)
	at org.apache.maven.surefire.booter.ForkedBooter.execute(ForkedBooter.java:162)
	at org.apache.maven.surefire.booter.ForkedBooter.run(ForkedBooter.java:507)
	at org.apache.maven.surefire.booter.ForkedBooter.main(ForkedBooter.java:495)
]]></failure>
    <system-out><![CDATA[2024-02-19 17:07:38,787 INFO  SalesforceListenerUtility.java:36 - StuckOpportunitiesReport.......test execution sucess........
ObjectLogger->com.aventstack.extentreports.ExtentTest@1132baa3
2024-02-19 17:07:38,929 INFO  BaseClass.java:242 - browser is closed
2024-02-19 17:07:38,986 INFO  BaseClass.java:59 - Browser instance has started
2024-02-19 17:07:40,830 INFO  BaseClass.java:231 - https://login.salesforce.com/ is launched
2024-02-19 17:07:40,831 INFO  BaseClass.java:472 - Waiting until page loads within  expectedtime period
2024-02-19 17:07:40,833 INFO  SalesforceListenerUtility.java:27 - createNewOppty.......test execution started........
2024-02-19 17:07:41,526 INFO  BaseClass.java:94 - email_field is IS WAITED FOR VISIBLITY
ObjectLogger->com.aventstack.extentreports.ExtentTest@7be38eba
2024-02-19 17:07:41,853 INFO  BaseClass.java:145 - [[ChromeDriver: chrome on MAC (8534b0e141ee85e5eb6bb87474835ed9)] -> xpath: //*[@id='username']]Is enabled and clicked
ObjectLogger->com.aventstack.extentreports.ExtentTest@7be38eba
2024-02-19 17:07:42,023 INFO  BaseClass.java:150 - UsernameIs displayed  in textarea
ObjectLogger->com.aventstack.extentreports.ExtentTest@7be38eba
2024-02-19 17:07:42,024 INFO  BaseSalesForceClass.java:66 - Email is entered in a Field 
2024-02-19 17:07:42,430 INFO  BaseClass.java:145 - [[ChromeDriver: chrome on MAC (8534b0e141ee85e5eb6bb87474835ed9)] -> xpath: //*[@id='password']]Is enabled and clicked
ObjectLogger->com.aventstack.extentreports.ExtentTest@7be38eba
2024-02-19 17:07:42,456 INFO  BaseClass.java:150 - PasswordIs displayed  in textarea
ObjectLogger->com.aventstack.extentreports.ExtentTest@7be38eba
2024-02-19 17:07:42,457 INFO  BaseSalesForceClass.java:70 - Password is entered in a Field 
2024-02-19 17:07:42,483 INFO  BaseClass.java:94 - Login  IS WAITED FOR VISIBLITY
ObjectLogger->com.aventstack.extentreports.ExtentTest@7be38eba
2024-02-19 17:07:44,724 INFO  BaseClass.java:213 - login  Is enabled and clicked
ObjectLogger->com.aventstack.extentreports.ExtentTest@7be38eba
2024-02-19 17:07:44,725 INFO  BaseSalesForceClass.java:75 - Successfully logged to the Home page
ObjectLogger->com.aventstack.extentreports.ExtentTest@7be38eba
2024-02-19 17:07:47,103 INFO  BaseClass.java:213 - Opportunities    Is enabled and clicked
ObjectLogger->com.aventstack.extentreports.ExtentTest@7be38eba
2024-02-19 17:07:47,107 INFO  BaseClass.java:257 - Opportunities: Home ~ Salesforce - Developer Edition  matched with Opportunities: Home ~ Salesforce - Developer Edition
ObjectLogger->com.aventstack.extentreports.ExtentTest@7be38eba
2024-02-19 17:07:47,293 INFO  BaseClass.java:626 - Dropdown options match the expected list options.
ObjectLogger->com.aventstack.extentreports.ExtentTest@7be38eba
2024-02-19 17:07:47,293 INFO  SalesforceCreateOpty_Testcases.java:35 - All assertion passed
ObjectLogger->com.aventstack.extentreports.ExtentTest@7be38eba
2024-02-19 17:07:47,336 INFO  BaseClass.java:530 - Dropdown element is clicked
ObjectLogger->com.aventstack.extentreports.ExtentTest@7be38eba
2024-02-19 17:07:47,379 INFO  BaseClass.java:535 - Text 'Opportunity Pipeline' is selected from dropdown
2024-02-19 17:07:47,436 INFO  BaseClass.java:540 - selected option matches to the Actual option
ObjectLogger->com.aventstack.extentreports.ExtentTest@7be38eba
2024-02-19 17:07:47,467 INFO  BaseClass.java:94 - New button IS WAITED FOR VISIBLITY
ObjectLogger->com.aventstack.extentreports.ExtentTest@7be38eba
2024-02-19 17:07:48,253 INFO  BaseClass.java:213 - New ..Is enabled and clicked
ObjectLogger->com.aventstack.extentreports.ExtentTest@7be38eba
2024-02-19 17:07:48,261 INFO  BaseClass.java:257 - Opportunity Edit: New Opportunity ~ Salesforce - Developer Edition  matched with Opportunity Edit: New Opportunity ~ Salesforce - Developer Edition
ObjectLogger->com.aventstack.extentreports.ExtentTest@7be38eba
2024-02-19 17:07:48,378 INFO  BaseClass.java:145 - [[ChromeDriver: chrome on MAC (8534b0e141ee85e5eb6bb87474835ed9)] -> id: opp3]Is enabled and clicked
ObjectLogger->com.aventstack.extentreports.ExtentTest@7be38eba
2024-02-19 17:07:48,414 INFO  BaseClass.java:150 - Oppurunity name  Is displayed  in textarea
ObjectLogger->com.aventstack.extentreports.ExtentTest@7be38eba
2024-02-19 17:07:48,512 INFO  BaseClass.java:530 - Dropdown element is clicked
ObjectLogger->com.aventstack.extentreports.ExtentTest@7be38eba
2024-02-19 17:07:48,635 INFO  BaseClass.java:535 - Text 'Existing Customer - Upgrade' is selected from dropdown
2024-02-19 17:07:48,744 INFO  BaseClass.java:540 - selected option matches to the Actual option
ObjectLogger->com.aventstack.extentreports.ExtentTest@7be38eba
2024-02-19 17:07:49,250 INFO  BaseClass.java:530 - Dropdown element is clicked
ObjectLogger->com.aventstack.extentreports.ExtentTest@7be38eba
2024-02-19 17:07:49,726 INFO  BaseClass.java:535 - Text 'Web' is selected from dropdown
2024-02-19 17:07:49,759 INFO  BaseClass.java:540 - selected option matches to the Actual option
ObjectLogger->com.aventstack.extentreports.ExtentTest@7be38eba
2024-02-19 17:07:49,841 INFO  BaseClass.java:145 - [[ChromeDriver: chrome on MAC (8534b0e141ee85e5eb6bb87474835ed9)] -> id: opp7]Is enabled and clicked
ObjectLogger->com.aventstack.extentreports.ExtentTest@7be38eba
2024-02-19 17:07:49,868 INFO  BaseClass.java:150 - Amount Is displayed  in textarea
ObjectLogger->com.aventstack.extentreports.ExtentTest@7be38eba
2024-02-19 17:07:51,048 INFO  BaseClass.java:530 - Dropdown element is clicked
ObjectLogger->com.aventstack.extentreports.ExtentTest@7be38eba
2024-02-19 17:07:51,220 INFO  BaseClass.java:535 - Text 'Qualification' is selected from dropdown
2024-02-19 17:07:51,267 INFO  BaseClass.java:540 - selected option matches to the Actual option
ObjectLogger->com.aventstack.extentreports.ExtentTest@7be38eba
2024-02-19 17:07:51,326 INFO  SalesforceCreateOpty_Testcases.java:83 - All required fields are not null and it is displaying the data
ObjectLogger->com.aventstack.extentreports.ExtentTest@7be38eba
2024-02-19 17:07:51,480 INFO  BaseClass.java:145 - [[ChromeDriver: chrome on MAC (8534b0e141ee85e5eb6bb87474835ed9)] -> id: opp12]Is enabled and clicked
ObjectLogger->com.aventstack.extentreports.ExtentTest@7be38eba
2024-02-19 17:07:51,518 INFO  BaseClass.java:150 - probabitliy Is displayed  in textarea
ObjectLogger->com.aventstack.extentreports.ExtentTest@7be38eba
2024-02-19 17:07:51,674 INFO  BaseClass.java:145 - [[ChromeDriver: chrome on MAC (8534b0e141ee85e5eb6bb87474835ed9)] -> id: opp17]Is enabled and clicked
ObjectLogger->com.aventstack.extentreports.ExtentTest@7be38eba
2024-02-19 17:07:51,715 INFO  BaseClass.java:150 - Primary Campaign Source Is displayed  in textarea
ObjectLogger->com.aventstack.extentreports.ExtentTest@7be38eba
2024-02-19 17:07:53,805 INFO  BaseClass.java:213 - Save Is enabled and clicked
ObjectLogger->com.aventstack.extentreports.ExtentTest@7be38eba
2024-02-19 17:07:55,811 INFO  BaseClass.java:271 - Current URL is = https://dan000000cz3teag-dev-ed.develop.my.salesforce.com/006/e
2024-02-19 17:07:55,812 ERROR BaseClass.java:279 - https://dan000000cz3teag-dev-ed.develop.my.salesforce.com/006/enot   matched with https://dan000000cz3teag-dev-ed.develop.my.salesforce.com/006an000000lqXp
]]></system-out>
    <system-err><![CDATA[Starting ChromeDriver 121.0.6167.184 (057a8ae7deb3374d0f1b04b36304d236f0136188-refs/branch-heads/6167@{#1818}) on port 10909
Only local connections are allowed.
Please see https://chromedriver.chromium.org/security-considerations for suggestions on keeping ChromeDriver safe.
ChromeDriver was started successfully.
Feb 19, 2024 5:07:40 PM org.openqa.selenium.remote.ProtocolHandshake createSession
INFO: Detected dialect: W3C
]]></system-err>
  </testcase>
  <testcase name="opportunitiesdropdown" classname="com.salesforce.automation.SalesforceCreateOpty_Testcases" time="7.413">
    <system-out><![CDATA[2024-02-19 17:07:55,813 ERROR SalesforceListenerUtility.java:45 - createNewOppty.......test execution completed with failure........
ObjectLogger->com.aventstack.extentreports.ExtentTest@7be38eba
2024-02-19 17:07:56,187 INFO  BaseClass.java:424 - captures the screenshot
ObjectLogger->com.aventstack.extentreports.ExtentTest@7be38eba
ObjectLogger->com.aventstack.extentreports.ExtentTest@7be38eba
ObjectLogger->com.aventstack.extentreports.ExtentTest@7be38eba
2024-02-19 17:07:56,246 INFO  BaseClass.java:242 - browser is closed
2024-02-19 17:07:56,258 INFO  BaseClass.java:59 - Browser instance has started
2024-02-19 17:07:58,023 INFO  BaseClass.java:231 - https://login.salesforce.com/ is launched
2024-02-19 17:07:58,024 INFO  BaseClass.java:472 - Waiting until page loads within  expectedtime period
2024-02-19 17:07:58,027 INFO  SalesforceListenerUtility.java:27 - opportunitiesdropdown.......test execution started........
2024-02-19 17:07:58,919 INFO  BaseClass.java:94 - email_field is IS WAITED FOR VISIBLITY
ObjectLogger->com.aventstack.extentreports.ExtentTest@77ff14ce
2024-02-19 17:07:59,195 INFO  BaseClass.java:145 - [[ChromeDriver: chrome on MAC (e126087b22b47ab7c9e8ebc092835e2b)] -> xpath: //*[@id='username']]Is enabled and clicked
ObjectLogger->com.aventstack.extentreports.ExtentTest@77ff14ce
2024-02-19 17:07:59,379 INFO  BaseClass.java:150 - UsernameIs displayed  in textarea
ObjectLogger->com.aventstack.extentreports.ExtentTest@77ff14ce
2024-02-19 17:07:59,379 INFO  BaseSalesForceClass.java:66 - Email is entered in a Field 
2024-02-19 17:07:59,792 INFO  BaseClass.java:145 - [[ChromeDriver: chrome on MAC (e126087b22b47ab7c9e8ebc092835e2b)] -> xpath: //*[@id='password']]Is enabled and clicked
ObjectLogger->com.aventstack.extentreports.ExtentTest@77ff14ce
2024-02-19 17:07:59,842 INFO  BaseClass.java:150 - PasswordIs displayed  in textarea
ObjectLogger->com.aventstack.extentreports.ExtentTest@77ff14ce
2024-02-19 17:07:59,842 INFO  BaseSalesForceClass.java:70 - Password is entered in a Field 
2024-02-19 17:07:59,877 INFO  BaseClass.java:94 - Login  IS WAITED FOR VISIBLITY
ObjectLogger->com.aventstack.extentreports.ExtentTest@77ff14ce
2024-02-19 17:08:04,292 INFO  BaseClass.java:213 - login  Is enabled and clicked
ObjectLogger->com.aventstack.extentreports.ExtentTest@77ff14ce
2024-02-19 17:08:04,292 INFO  BaseSalesForceClass.java:75 - Successfully logged to the Home page
ObjectLogger->com.aventstack.extentreports.ExtentTest@77ff14ce
2024-02-19 17:08:05,226 INFO  BaseClass.java:213 - Opportunities    Is enabled and clicked
ObjectLogger->com.aventstack.extentreports.ExtentTest@77ff14ce
2024-02-19 17:08:05,232 INFO  BaseClass.java:257 - Opportunities: Home ~ Salesforce - Developer Edition  matched with Opportunities: Home ~ Salesforce - Developer Edition
ObjectLogger->com.aventstack.extentreports.ExtentTest@77ff14ce
2024-02-19 17:08:05,439 INFO  BaseClass.java:626 - Dropdown options match the expected list options.
ObjectLogger->com.aventstack.extentreports.ExtentTest@77ff14ce
2024-02-19 17:08:05,440 INFO  SalesforceCreateOpty_Testcases.java:35 - All assertion passed
ObjectLogger->com.aventstack.extentreports.ExtentTest@77ff14ce
]]></system-out>
    <system-err><![CDATA[Starting ChromeDriver 121.0.6167.184 (057a8ae7deb3374d0f1b04b36304d236f0136188-refs/branch-heads/6167@{#1818}) on port 32078
Only local connections are allowed.
Please see https://chromedriver.chromium.org/security-considerations for suggestions on keeping ChromeDriver safe.
ChromeDriver was started successfully.
Feb 19, 2024 5:07:57 PM org.openqa.selenium.remote.ProtocolHandshake createSession
INFO: Detected dialect: W3C
]]></system-err>
  </testcase>
  <testcase name="tearDownAfterTestMethod" classname="com.salesforce.automation.SalesforceCreateOpty_Testcases" time="27.44">
    <failure message="unknown error: failed to close window in 20 seconds&#10;  (Session info: chrome=121.0.6167.184)&#10;Build info: version: &apos;3.141.59&apos;, revision: &apos;e82be7d358&apos;, time: &apos;2018-11-14T08:17:03&apos;&#10;System info: host: &apos;Nitins-MacBook-Pro.local&apos;, ip: &apos;2601:646:8084:4d20:0:0:0:ec4a%en0&apos;, os.name: &apos;Mac OS X&apos;, os.arch: &apos;x86_64&apos;, os.version: &apos;11.4&apos;, java.version: &apos;17.0.10&apos;&#10;Driver info: org.openqa.selenium.chrome.ChromeDriver&#10;Capabilities {acceptInsecureCerts: false, browserName: chrome, browserVersion: 121.0.6167.184, chrome: {chromedriverVersion: 121.0.6167.184 (057a8ae7deb..., userDataDir: /var/folders/gx/qjsbcn6d6d3...}, fedcm:accounts: true, goog:chromeOptions: {debuggerAddress: localhost:57692}, javascriptEnabled: true, networkConnectionEnabled: false, pageLoadStrategy: normal, platform: MAC, platformName: MAC, proxy: Proxy(), setWindowRect: true, strictFileInteractability: false, timeouts: {implicit: 0, pageLoad: 300000, script: 30000}, unhandledPromptBehavior: dismiss and notify, webauthn:extension:credBlob: true, webauthn:extension:largeBlob: true, webauthn:extension:minPinLength: true, webauthn:extension:prf: true, webauthn:virtualAuthenticators: true}&#10;Session ID: e126087b22b47ab7c9e8ebc092835e2b" type="org.openqa.selenium.WebDriverException"><![CDATA[org.openqa.selenium.WebDriverException: 
unknown error: failed to close window in 20 seconds
  (Session info: chrome=121.0.6167.184)
Build info: version: '3.141.59', revision: 'e82be7d358', time: '2018-11-14T08:17:03'
System info: host: 'Nitins-MacBook-Pro.local', ip: '2601:646:8084:4d20:0:0:0:ec4a%en0', os.name: 'Mac OS X', os.arch: 'x86_64', os.version: '11.4', java.version: '17.0.10'
Driver info: org.openqa.selenium.chrome.ChromeDriver
Capabilities {acceptInsecureCerts: false, browserName: chrome, browserVersion: 121.0.6167.184, chrome: {chromedriverVersion: 121.0.6167.184 (057a8ae7deb..., userDataDir: /var/folders/gx/qjsbcn6d6d3...}, fedcm:accounts: true, goog:chromeOptions: {debuggerAddress: localhost:57692}, javascriptEnabled: true, networkConnectionEnabled: false, pageLoadStrategy: normal, platform: MAC, platformName: MAC, proxy: Proxy(), setWindowRect: true, strictFileInteractability: false, timeouts: {implicit: 0, pageLoad: 300000, script: 30000}, unhandledPromptBehavior: dismiss and notify, webauthn:extension:credBlob: true, webauthn:extension:largeBlob: true, webauthn:extension:minPinLength: true, webauthn:extension:prf: true, webauthn:virtualAuthenticators: true}
Session ID: e126087b22b47ab7c9e8ebc092835e2b
	at java.base/jdk.internal.reflect.NativeConstructorAccessorImpl.newInstance0(Native Method)
	at java.base/jdk.internal.reflect.NativeConstructorAccessorImpl.newInstance(NativeConstructorAccessorImpl.java:77)
	at java.base/jdk.internal.reflect.DelegatingConstructorAccessorImpl.newInstance(DelegatingConstructorAccessorImpl.java:45)
	at java.base/java.lang.reflect.Constructor.newInstanceWithCaller(Constructor.java:499)
	at java.base/java.lang.reflect.Constructor.newInstance(Constructor.java:480)
	at org.openqa.selenium.remote.http.W3CHttpResponseCodec.createException(W3CHttpResponseCodec.java:187)
	at org.openqa.selenium.remote.http.W3CHttpResponseCodec.decode(W3CHttpResponseCodec.java:122)
	at org.openqa.selenium.remote.http.W3CHttpResponseCodec.decode(W3CHttpResponseCodec.java:49)
	at org.openqa.selenium.remote.HttpCommandExecutor.execute(HttpCommandExecutor.java:158)
	at org.openqa.selenium.remote.service.DriverCommandExecutor.execute(DriverCommandExecutor.java:83)
	at org.openqa.selenium.remote.RemoteWebDriver.execute(RemoteWebDriver.java:552)
	at org.openqa.selenium.remote.RemoteWebDriver.execute(RemoteWebDriver.java:609)
	at org.openqa.selenium.remote.RemoteWebDriver.close(RemoteWebDriver.java:442)
	at com.salesforce.base.BaseClass.driverClose(BaseClass.java:241)
	at com.salesforce.base.BaseSalesForceClass.tearDownAfterTestMethod(BaseSalesForceClass.java:54)
	at java.base/jdk.internal.reflect.NativeMethodAccessorImpl.invoke0(Native Method)
	at java.base/jdk.internal.reflect.NativeMethodAccessorImpl.invoke(NativeMethodAccessorImpl.java:77)
	at java.base/jdk.internal.reflect.DelegatingMethodAccessorImpl.invoke(DelegatingMethodAccessorImpl.java:43)
	at java.base/java.lang.reflect.Method.invoke(Method.java:568)
	at org.testng.internal.invokers.MethodInvocationHelper.invokeMethod(MethodInvocationHelper.java:139)
	at org.testng.internal.invokers.MethodInvocationHelper.invokeMethodConsideringTimeout(MethodInvocationHelper.java:69)
	at org.testng.internal.invokers.ConfigInvoker.invokeConfigurationMethod(ConfigInvoker.java:361)
	at org.testng.internal.invokers.ConfigInvoker.invokeConfigurations(ConfigInvoker.java:296)
	at org.testng.internal.invokers.TestInvoker.runConfigMethods(TestInvoker.java:823)
	at org.testng.internal.invokers.TestInvoker.runAfterConfigurations(TestInvoker.java:792)
	at org.testng.internal.invokers.TestInvoker.invokeMethod(TestInvoker.java:768)
	at org.testng.internal.invokers.TestInvoker.invokeTestMethod(TestInvoker.java:221)
	at org.testng.internal.invokers.MethodRunner.runInSequence(MethodRunner.java:50)
	at org.testng.internal.invokers.TestInvoker$MethodInvocationAgent.invoke(TestInvoker.java:969)
	at org.testng.internal.invokers.TestInvoker.invokeTestMethods(TestInvoker.java:194)
	at org.testng.internal.invokers.TestMethodWorker.invokeTestMethods(TestMethodWorker.java:148)
	at org.testng.internal.invokers.TestMethodWorker.run(TestMethodWorker.java:128)
	at java.base/java.util.ArrayList.forEach(ArrayList.java:1511)
	at org.testng.TestRunner.privateRun(TestRunner.java:829)
	at org.testng.TestRunner.run(TestRunner.java:602)
	at org.testng.SuiteRunner.runTest(SuiteRunner.java:437)
	at org.testng.SuiteRunner.runSequentially(SuiteRunner.java:431)
	at org.testng.SuiteRunner.privateRun(SuiteRunner.java:391)
	at org.testng.SuiteRunner.run(SuiteRunner.java:330)
	at org.testng.SuiteRunnerWorker.runSuite(SuiteRunnerWorker.java:52)
	at org.testng.SuiteRunnerWorker.run(SuiteRunnerWorker.java:95)
	at org.testng.TestNG.runSuitesSequentially(TestNG.java:1256)
	at org.testng.TestNG.runSuitesLocally(TestNG.java:1176)
	at org.testng.TestNG.runSuites(TestNG.java:1099)
	at org.testng.TestNG.run(TestNG.java:1067)
	at org.apache.maven.surefire.testng.TestNGExecutor.run(TestNGExecutor.java:308)
	at org.apache.maven.surefire.testng.TestNGXmlTestSuite.execute(TestNGXmlTestSuite.java:71)
	at org.apache.maven.surefire.testng.TestNGProvider.invoke(TestNGProvider.java:113)
	at org.apache.maven.surefire.booter.ForkedBooter.runSuitesInProcess(ForkedBooter.java:385)
	at org.apache.maven.surefire.booter.ForkedBooter.execute(ForkedBooter.java:162)
	at org.apache.maven.surefire.booter.ForkedBooter.run(ForkedBooter.java:507)
	at org.apache.maven.surefire.booter.ForkedBooter.main(ForkedBooter.java:495)
]]></failure>
    <system-out><![CDATA[2024-02-19 17:08:05,440 INFO  SalesforceListenerUtility.java:36 - opportunitiesdropdown.......test execution sucess........
ObjectLogger->com.aventstack.extentreports.ExtentTest@77ff14ce
]]></system-out>
  </testcase>
  <testcase name="MyProfile" classname="com.salesforce.automation.SalesforceUserMenu_Testcases" time="3.869">
    <failure message="expected [Home Page ~ Salesforce - Developer Edition] but found []" type="java.lang.AssertionError"><![CDATA[java.lang.AssertionError: expected [Home Page ~ Salesforce - Developer Edition] but found []
	at org.testng.Assert.fail(Assert.java:110)
	at org.testng.Assert.failNotEquals(Assert.java:1577)
	at org.testng.Assert.assertEqualsImpl(Assert.java:149)
	at org.testng.Assert.assertEquals(Assert.java:131)
	at org.testng.Assert.assertEquals(Assert.java:655)
	at org.testng.Assert.assertEquals(Assert.java:665)
	at com.salesforce.base.BaseClass.assertTitle(BaseClass.java:256)
	at com.salesforce.automation.SalesforceUserMenu_Testcases.MyProfile(SalesforceUserMenu_Testcases.java:71)
	at java.base/jdk.internal.reflect.NativeMethodAccessorImpl.invoke0(Native Method)
	at java.base/jdk.internal.reflect.NativeMethodAccessorImpl.invoke(NativeMethodAccessorImpl.java:77)
	at java.base/jdk.internal.reflect.DelegatingMethodAccessorImpl.invoke(DelegatingMethodAccessorImpl.java:43)
	at java.base/java.lang.reflect.Method.invoke(Method.java:568)
	at org.testng.internal.invokers.MethodInvocationHelper.invokeMethod(MethodInvocationHelper.java:139)
	at org.testng.internal.invokers.TestInvoker.invokeMethod(TestInvoker.java:677)
	at org.testng.internal.invokers.TestInvoker.invokeTestMethod(TestInvoker.java:221)
	at org.testng.internal.invokers.MethodRunner.runInSequence(MethodRunner.java:50)
	at org.testng.internal.invokers.TestInvoker$MethodInvocationAgent.invoke(TestInvoker.java:969)
	at org.testng.internal.invokers.TestInvoker.invokeTestMethods(TestInvoker.java:194)
	at org.testng.internal.invokers.TestMethodWorker.invokeTestMethods(TestMethodWorker.java:148)
	at org.testng.internal.invokers.TestMethodWorker.run(TestMethodWorker.java:128)
	at java.base/java.util.ArrayList.forEach(ArrayList.java:1511)
	at org.testng.TestRunner.privateRun(TestRunner.java:829)
	at org.testng.TestRunner.run(TestRunner.java:602)
	at org.testng.SuiteRunner.runTest(SuiteRunner.java:437)
	at org.testng.SuiteRunner.runSequentially(SuiteRunner.java:431)
	at org.testng.SuiteRunner.privateRun(SuiteRunner.java:391)
	at org.testng.SuiteRunner.run(SuiteRunner.java:330)
	at org.testng.SuiteRunnerWorker.runSuite(SuiteRunnerWorker.java:52)
	at org.testng.SuiteRunnerWorker.run(SuiteRunnerWorker.java:95)
	at org.testng.TestNG.runSuitesSequentially(TestNG.java:1256)
	at org.testng.TestNG.runSuitesLocally(TestNG.java:1176)
	at org.testng.TestNG.runSuites(TestNG.java:1099)
	at org.testng.TestNG.run(TestNG.java:1067)
	at org.apache.maven.surefire.testng.TestNGExecutor.run(TestNGExecutor.java:308)
	at org.apache.maven.surefire.testng.TestNGXmlTestSuite.execute(TestNGXmlTestSuite.java:71)
	at org.apache.maven.surefire.testng.TestNGProvider.invoke(TestNGProvider.java:113)
	at org.apache.maven.surefire.booter.ForkedBooter.runSuitesInProcess(ForkedBooter.java:385)
	at org.apache.maven.surefire.booter.ForkedBooter.execute(ForkedBooter.java:162)
	at org.apache.maven.surefire.booter.ForkedBooter.run(ForkedBooter.java:507)
	at org.apache.maven.surefire.booter.ForkedBooter.main(ForkedBooter.java:495)
]]></failure>
    <system-out><![CDATA[2024-02-19 17:08:25,475 INFO  SalesforceListenerUtility.java:70 - .......<test> execution completed........
2024-02-19 17:08:25,543 INFO  SalesforceListenerUtility.java:62 - .......<test> execution started........
2024-02-19 17:08:28,410 INFO  BaseClass.java:70 - Browser instance has started
2024-02-19 17:08:29,059 INFO  BaseClass.java:231 - https://login.salesforce.com/ is launched
2024-02-19 17:08:29,059 INFO  BaseClass.java:472 - Waiting until page loads within  expectedtime period
2024-02-19 17:08:29,063 INFO  SalesforceListenerUtility.java:27 - MyProfile.......test execution started........
2024-02-19 17:08:29,634 INFO  BaseClass.java:94 - email_field is IS WAITED FOR VISIBLITY
ObjectLogger->com.aventstack.extentreports.ExtentTest@77d0dbba
2024-02-19 17:08:30,387 INFO  BaseClass.java:145 - [[FirefoxDriver: firefox on MAC (0299d6bb-515f-4d58-8218-37a24dbb20d1)] -> xpath: //*[@id='username']]Is enabled and clicked
ObjectLogger->com.aventstack.extentreports.ExtentTest@77d0dbba
2024-02-19 17:08:30,400 INFO  BaseClass.java:150 - UsernameIs displayed  in textarea
ObjectLogger->com.aventstack.extentreports.ExtentTest@77d0dbba
2024-02-19 17:08:30,400 INFO  BaseSalesForceClass.java:66 - Email is entered in a Field 
2024-02-19 17:08:30,663 INFO  BaseClass.java:145 - [[FirefoxDriver: firefox on MAC (0299d6bb-515f-4d58-8218-37a24dbb20d1)] -> xpath: //*[@id='password']]Is enabled and clicked
ObjectLogger->com.aventstack.extentreports.ExtentTest@77d0dbba
2024-02-19 17:08:30,682 INFO  BaseClass.java:150 - PasswordIs displayed  in textarea
ObjectLogger->com.aventstack.extentreports.ExtentTest@77d0dbba
2024-02-19 17:08:30,682 INFO  BaseSalesForceClass.java:70 - Password is entered in a Field 
2024-02-19 17:08:30,708 INFO  BaseClass.java:94 - Login  IS WAITED FOR VISIBLITY
ObjectLogger->com.aventstack.extentreports.ExtentTest@77d0dbba
2024-02-19 17:08:32,929 INFO  BaseClass.java:213 - login  Is enabled and clicked
ObjectLogger->com.aventstack.extentreports.ExtentTest@77d0dbba
2024-02-19 17:08:32,929 INFO  BaseSalesForceClass.java:75 - Successfully logged to the Home page
ObjectLogger->com.aventstack.extentreports.ExtentTest@77d0dbba
2024-02-19 17:08:32,931 ERROR BaseClass.java:260 - not   matched with Home Page ~ Salesforce - Developer Edition
]]></system-out>
    <system-err><![CDATA[1708391305573	geckodriver	INFO	Listening on 127.0.0.1:18245
1708391305584	mozrunner::runner	INFO	Running command: MOZ_CRASHREPORTER="1" MOZ_CRASHREPORTER_NO_REPORT="1" MOZ_CRASHREPORTER_SHUTDOWN="1" MOZ_NO_REMOTE="1" "/App ... "--marionette" "-foreground" "-no-remote" "-profile" "/var/folders/gx/qjsbcn6d6d33b4myp5smvrgr0000gp/T/rust_mozprofileB8lkdR"
console.warn: services.settings: Ignoring preference override of remote settings server
console.warn: services.settings: Allow by setting MOZ_REMOTE_SETTINGS_DEVTOOLS=1 in the environment
1708391306206	Marionette	INFO	Marionette enabled
1708391306463	Marionette	INFO	Listening on port 57815
Read port: 57815
1708391307133	RemoteAgent	WARN	TLS certificate errors will be ignored for this session
Feb 19, 2024 5:08:28 PM org.openqa.selenium.remote.ProtocolHandshake createSession
INFO: Detected dialect: W3C
[...]
2024-02-19 17:11:55,784 INFO  SalesforceListenerUtility.java:27 - createNewViewContact.......test execution started........
2024-02-19 17:11:55,796 INFO  BaseClass.java:271 - Current URL is = https://login.salesforce.com/
2024-02-19 17:11:55,797 INFO  BaseClass.java:274 - https://login.salesforce.com/  matched with https://login.salesforce.com/
ObjectLogger->com.aventstack.extentreports.ExtentTest@5b5f06bb
2024-02-19 17:11:56,528 INFO  BaseClass.java:94 - email_field is IS WAITED FOR VISIBLITY
ObjectLogger->com.aventstack.extentreports.ExtentTest@5b5f06bb
2024-02-19 17:11:56,746 INFO  BaseClass.java:145 - [[ChromeDriver: chrome on MAC (598fe9a804df39364efd99a9dec8040b)] -> xpath: //*[@id='username']]Is enabled and clicked
ObjectLogger->com.aventstack.extentreports.ExtentTest@5b5f06bb
2024-02-19 17:11:57,072 INFO  BaseClass.java:150 - UsernameIs displayed  in textarea
ObjectLogger->com.aventstack.extentreports.ExtentTest@5b5f06bb
2024-02-19 17:11:57,073 INFO  BaseSalesForceClass.java:66 - Email is entered in a Field 
2024-02-19 17:11:57,196 INFO  BaseClass.java:145 - [[ChromeDriver: chrome on MAC (598fe9a804df39364efd99a9dec8040b)] -> xpath: //*[@id='password']]Is enabled and clicked
ObjectLogger->com.aventstack.extentreports.ExtentTest@5b5f06bb
2024-02-19 17:11:57,246 INFO  BaseClass.java:150 - PasswordIs displayed  in textarea
ObjectLogger->com.aventstack.extentreports.ExtentTest@5b5f06bb
2024-02-19 17:11:57,246 INFO  BaseSalesForceClass.java:70 - Password is entered in a Field 
2024-02-19 17:11:57,349 INFO  BaseClass.java:94 - Login  IS WAITED FOR VISIBLITY
ObjectLogger->com.aventstack.extentreports.ExtentTest@5b5f06bb
2024-02-19 17:12:00,049 INFO  BaseClass.java:213 - login  Is enabled and clicked
ObjectLogger->com.aventstack.extentreports.ExtentTest@5b5f06bb
2024-02-19 17:12:00,050 INFO  BaseSalesForceClass.java:75 - Successfully logged to the Home page
ObjectLogger->com.aventstack.extentreports.ExtentTest@5b5f06bb
2024-02-19 17:12:03,228 INFO  BaseClass.java:257 - Home Page ~ Salesforce - Developer Edition  matched with Home Page ~ Salesforce - Developer Edition
ObjectLogger->com.aventstack.extentreports.ExtentTest@5b5f06bb
2024-02-19 17:12:03,246 INFO  BaseClass.java:117 - Contact tab  IS WAITED FOR clickable
2024-02-19 17:12:04,306 INFO  BaseClass.java:213 - Contacts  Is enabled and clicked
ObjectLogger->com.aventstack.extentreports.ExtentTest@5b5f06bb
2024-02-19 17:12:04,310 ERROR BaseClass.java:260 - Contacts: Home ~ Salesforce - Developer Editionnot   matched with Accounts: Home ~ Salesforce - Developer Edition
]]></system-out>
    <system-err><![CDATA[Starting ChromeDriver 121.0.6167.184 (057a8ae7deb3374d0f1b04b36304d236f0136188-refs/branch-heads/6167@{#1818}) on port 3824
Only local connections are allowed.
Please see https://chromedriver.chromium.org/security-considerations for suggestions on keeping ChromeDriver safe.
ChromeDriver was started successfully.
Feb 19, 2024 5:11:54 PM org.openqa.selenium.remote.ProtocolHandshake createSession
INFO: Detected dialect: W3C
]]></system-err>
  </testcase>
  <testcase name="mycontactsView" classname="com.salesforce.automation.SalesforceContact_Testcases" time="7.545">
    <failure message="expected [View dropdwn selected] but found [w]" type="java.lang.AssertionError"><![CDATA[java.lang.AssertionError: expected [View dropdwn selected] but found [w]
	at org.testng.Assert.fail(Assert.java:110)
	at org.testng.Assert.failNotEquals(Assert.java:1577)
	at org.testng.Assert.assertEqualsImpl(Assert.java:149)
	at org.testng.Assert.assertEquals(Assert.java:131)
	at org.testng.Assert.assertEquals(Assert.java:655)
	at org.testng.Assert.assertEquals(Assert.java:665)
	at com.salesforce.base.BaseClass.assertDefaultoption(BaseClass.java:516)
	at com.salesforce.automation.SalesforceContact_Testcases.mycontactsView(SalesforceContact_Testcases.java:137)
	at java.base/jdk.internal.reflect.NativeMethodAccessorImpl.invoke0(Native Method)
	at java.base/jdk.internal.reflect.NativeMethodAccessorImpl.invoke(NativeMethodAccessorImpl.java:77)
	at java.base/jdk.internal.reflect.DelegatingMethodAccessorImpl.invoke(DelegatingMethodAccessorImpl.java:43)
	at java.base/java.lang.reflect.Method.invoke(Method.java:568)
	at org.testng.internal.invokers.MethodInvocationHelper.invokeMethod(MethodInvocationHelper.java:139)
	at org.testng.internal.invokers.TestInvoker.invokeMethod(TestInvoker.java:677)
	at org.testng.internal.invokers.TestInvoker.invokeTestMethod(TestInvoker.java:221)
	at org.testng.internal.invokers.MethodRunner.runInSequence(MethodRunner.java:50)
	at org.testng.internal.invokers.TestInvoker$MethodInvocationAgent.invoke(TestInvoker.java:969)
	at org.testng.internal.invokers.TestInvoker.invokeTestMethods(TestInvoker.java:194)
	at org.testng.internal.invokers.TestMethodWorker.invokeTestMethods(TestMethodWorker.java:148)
	at org.testng.internal.invokers.TestMethodWorker.run(TestMethodWorker.java:128)
	at java.base/java.util.ArrayList.forEach(ArrayList.java:1511)
	at org.testng.TestRunner.privateRun(TestRunner.java:829)
	at org.testng.TestRunner.run(TestRunner.java:602)
	at org.testng.SuiteRunner.runTest(SuiteRunner.java:437)
	at org.testng.SuiteRunner.runSequentially(SuiteRunner.java:431)
	at org.testng.SuiteRunner.privateRun(SuiteRunner.java:391)
	at org.testng.SuiteRunner.run(SuiteRunner.java:330)
	at org.testng.SuiteRunnerWorker.runSuite(SuiteRunnerWorker.java:52)
	at org.testng.SuiteRunnerWorker.run(SuiteRunnerWorker.java:95)
	at org.testng.TestNG.runSuitesSequentially(TestNG.java:1256)
	at org.testng.TestNG.runSuitesLocally(TestNG.java:1176)
	at org.testng.TestNG.runSuites(TestNG.java:1099)
	at org.testng.TestNG.run(TestNG.java:1067)
	at org.apache.maven.surefire.testng.TestNGExecutor.run(TestNGExecutor.java:308)
	at org.apache.maven.surefire.testng.TestNGXmlTestSuite.execute(TestNGXmlTestSuite.java:71)
	at org.apache.maven.surefire.testng.TestNGProvider.invoke(TestNGProvider.java:113)
	at org.apache.maven.surefire.booter.ForkedBooter.runSuitesInProcess(ForkedBooter.java:385)
	at org.apache.maven.surefire.booter.ForkedBooter.execute(ForkedBooter.java:162)
	at org.apache.maven.surefire.booter.ForkedBooter.run(ForkedBooter.java:507)
	at org.apache.maven.surefire.booter.ForkedBooter.main(ForkedBooter.java:495)
]]></failure>
    <system-out><![CDATA[2024-02-19 17:12:04,311 ERROR SalesforceListenerUtility.java:45 - createNewViewContact.......test execution completed with failure........
ObjectLogger->com.aventstack.extentreports.ExtentTest@5b5f06bb
2024-02-19 17:12:04,852 INFO  BaseClass.java:424 - captures the screenshot
ObjectLogger->com.aventstack.extentreports.ExtentTest@5b5f06bb
ObjectLogger->com.aventstack.extentreports.ExtentTest@5b5f06bb
ObjectLogger->com.aventstack.extentreports.ExtentTest@5b5f06bb
2024-02-19 17:12:04,966 INFO  BaseClass.java:242 - browser is closed
2024-02-19 17:12:04,988 INFO  BaseClass.java:59 - Browser instance has started
2024-02-19 17:12:06,573 INFO  BaseClass.java:231 - https://login.salesforce.com/ is launched
2024-02-19 17:12:06,573 INFO  BaseClass.java:472 - Waiting until page loads within  expectedtime period
2024-02-19 17:12:06,575 INFO  SalesforceListenerUtility.java:27 - mycontactsView.......test execution started........
2024-02-19 17:12:07,258 INFO  BaseClass.java:94 - email_field is IS WAITED FOR VISIBLITY
ObjectLogger->com.aventstack.extentreports.ExtentTest@38816a6c
2024-02-19 17:12:07,413 INFO  BaseClass.java:145 - [[ChromeDriver: chrome on MAC (cc369b2d4e58036e2b7b36c5e956f5ce)] -> xpath: //*[@id='username']]Is enabled and clicked
ObjectLogger->com.aventstack.extentreports.ExtentTest@38816a6c
2024-02-19 17:12:07,685 INFO  BaseClass.java:150 - UsernameIs displayed  in textarea
ObjectLogger->com.aventstack.extentreports.ExtentTest@38816a6c
2024-02-19 17:12:07,685 INFO  BaseSalesForceClass.java:66 - Email is entered in a Field 
2024-02-19 17:12:07,775 INFO  BaseClass.java:145 - [[ChromeDriver: chrome on MAC (cc369b2d4e58036e2b7b36c5e956f5ce)] -> xpath: //*[@id='password']]Is enabled and clicked
ObjectLogger->com.aventstack.extentreports.ExtentTest@38816a6c
2024-02-19 17:12:07,839 INFO  BaseClass.java:150 - PasswordIs displayed  in textarea
ObjectLogger->com.aventstack.extentreports.ExtentTest@38816a6c
2024-02-19 17:12:07,839 INFO  BaseSalesForceClass.java:70 - Password is entered in a Field 
2024-02-19 17:12:07,954 INFO  BaseClass.java:94 - Login  IS WAITED FOR VISIBLITY
ObjectLogger->com.aventstack.extentreports.ExtentTest@38816a6c
2024-02-19 17:12:10,587 INFO  BaseClass.java:213 - login  Is enabled and clicked
ObjectLogger->com.aventstack.extentreports.ExtentTest@38816a6c
2024-02-19 17:12:10,587 INFO  BaseSalesForceClass.java:75 - Successfully logged to the Home page
ObjectLogger->com.aventstack.extentreports.ExtentTest@38816a6c
2024-02-19 17:12:12,562 INFO  BaseClass.java:117 - Contact tab  IS WAITED FOR clickable
2024-02-19 17:12:13,392 INFO  BaseClass.java:213 - Contacts  Is enabled and clicked
ObjectLogger->com.aventstack.extentreports.ExtentTest@38816a6c
2024-02-19 17:12:13,506 INFO  BaseClass.java:506 - Dropdown element is clicked
ObjectLogger->com.aventstack.extentreports.ExtentTest@38816a6c
2024-02-19 17:12:14,120 INFO  BaseClass.java:510 - Select  default value is: w
ObjectLogger->com.aventstack.extentreports.ExtentTest@38816a6c
]]></system-out>
    <system-err><![CDATA[Starting ChromeDriver 121.0.6167.184 (057a8ae7deb3374d0f1b04b36304d236f0136188-refs/branch-heads/6167@{#1818}) on port 5448
Only local connections are allowed.
Please see https://chromedriver.chromium.org/security-considerations for suggestions on keeping ChromeDriver safe.
ChromeDriver was started successfully.
Feb 19, 2024 5:12:06 PM org.openqa.selenium.remote.ProtocolHandshake createSession
INFO: Detected dialect: W3C
]]></system-err>
  </testcase>
  <testcase name="recentContactsView" classname="com.salesforce.automation.SalesforceContact_Testcases" time="8.542">
    <system-out><![CDATA[2024-02-19 17:12:14,121 ERROR SalesforceListenerUtility.java:45 - mycontactsView.......test execution completed with failure........
ObjectLogger->com.aventstack.extentreports.ExtentTest@38816a6c
2024-02-19 17:12:14,628 INFO  BaseClass.java:424 - captures the screenshot
ObjectLogger->com.aventstack.extentreports.ExtentTest@38816a6c
ObjectLogger->com.aventstack.extentreports.ExtentTest@38816a6c
ObjectLogger->com.aventstack.extentreports.ExtentTest@38816a6c
2024-02-19 17:12:17,129 INFO  BaseClass.java:242 - browser is closed
2024-02-19 17:12:17,148 INFO  BaseClass.java:59 - Browser instance has started
2024-02-19 17:12:18,886 INFO  BaseClass.java:231 - https://login.salesforce.com/ is launched
2024-02-19 17:12:18,888 INFO  BaseClass.java:472 - Waiting until page loads within  expectedtime period
2024-02-19 17:12:18,891 INFO  SalesforceListenerUtility.java:27 - recentContactsView.......test execution started........
2024-02-19 17:12:19,592 INFO  BaseClass.java:94 - email_field is IS WAITED FOR VISIBLITY
ObjectLogger->com.aventstack.extentreports.ExtentTest@7320bccc
2024-02-19 17:12:19,835 INFO  BaseClass.java:145 - [[ChromeDriver: chrome on MAC (6ec9a1b1bc0e5605c5cd55410f56b17c)] -> xpath: //*[@id='username']]Is enabled and clicked
ObjectLogger->com.aventstack.extentreports.ExtentTest@7320bccc
2024-02-19 17:12:20,065 INFO  BaseClass.java:150 - UsernameIs displayed  in textarea
ObjectLogger->com.aventstack.extentreports.ExtentTest@7320bccc
2024-02-19 17:12:20,065 INFO  BaseSalesForceClass.java:66 - Email is entered in a Field 
2024-02-19 17:12:20,357 INFO  BaseClass.java:145 - [[ChromeDriver: chrome on MAC (6ec9a1b1bc0e5605c5cd55410f56b17c)] -> xpath: //*[@id='password']]Is enabled and clicked
ObjectLogger->com.aventstack.extentreports.ExtentTest@7320bccc
2024-02-19 17:12:20,393 INFO  BaseClass.java:150 - PasswordIs displayed  in textarea
ObjectLogger->com.aventstack.extentreports.ExtentTest@7320bccc
2024-02-19 17:12:20,394 INFO  BaseSalesForceClass.java:70 - Password is entered in a Field 
2024-02-19 17:12:20,420 INFO  BaseClass.java:94 - Login  IS WAITED FOR VISIBLITY
ObjectLogger->com.aventstack.extentreports.ExtentTest@7320bccc
2024-02-19 17:12:22,315 INFO  BaseClass.java:213 - login  Is enabled and clicked
ObjectLogger->com.aventstack.extentreports.ExtentTest@7320bccc
2024-02-19 17:12:22,316 INFO  BaseSalesForceClass.java:75 - Successfully logged to the Home page
ObjectLogger->com.aventstack.extentreports.ExtentTest@7320bccc
2024-02-19 17:12:24,262 INFO  BaseClass.java:117 - Contact tab  IS WAITED FOR clickable
2024-02-19 17:12:25,271 INFO  BaseClass.java:213 - Contacts  Is enabled and clicked
ObjectLogger->com.aventstack.extentreports.ExtentTest@7320bccc
2024-02-19 17:12:27,425 INFO  SalesforceContact_Testcases.java:169 - Matched and clicked the link 
ObjectLogger->com.aventstack.extentreports.ExtentTest@7320bccc
2024-02-19 17:12:27,429 INFO  SalesforceContact_Testcases.java:173 - All assertion passed
ObjectLogger->com.aventstack.extentreports.ExtentTest@7320bccc
]]></system-out>
    <system-err><![CDATA[Starting ChromeDriver 121.0.6167.184 (057a8ae7deb3374d0f1b04b36304d236f0136188-refs/branch-heads/6167@{#1818}) on port 25720
Only local connections are allowed.
Please see https://chromedriver.chromium.org/security-considerations for suggestions on keeping ChromeDriver safe.
ChromeDriver was started successfully.
Feb 19, 2024 5:12:18 PM org.openqa.selenium.remote.ProtocolHandshake createSession
INFO: Detected dialect: W3C
]]></system-err>
  </testcase>
  <testcase name="verifyErrormessage" classname="com.salesforce.automation.SalesforceContact_Testcases" time="4.232">
    <failure message="expected [https://login.salesforce.com/] but found [https://dan000000cz3teag-dev-ed.develop.my.salesforce.com/setup/forcecomHomepage.apexp?setupid=ForceCom]" type="java.lang.AssertionError"><![CDATA[java.lang.AssertionError: expected [https://login.salesforce.com/] but found [https://dan000000cz3teag-dev-ed.develop.my.salesforce.com/setup/forcecomHomepage.apexp?setupid=ForceCom]
	at org.testng.Assert.fail(Assert.java:110)
	at org.testng.Assert.failNotEquals(Assert.java:1577)
	at org.testng.Assert.assertEqualsImpl(Assert.java:149)
	at org.testng.Assert.assertEquals(Assert.java:131)
	at org.testng.Assert.assertEquals(Assert.java:655)
	at org.testng.Assert.assertEquals(Assert.java:665)
	at com.salesforce.base.BaseClass.assertCurrentURL(BaseClass.java:273)
	at com.salesforce.automation.SalesforceContact_Testcases.verifyErrormessage(SalesforceContact_Testcases.java:181)
	at java.base/jdk.internal.reflect.NativeMethodAccessorImpl.invoke0(Native Method)
	at java.base/jdk.internal.reflect.NativeMethodAccessorImpl.invoke(NativeMethodAccessorImpl.java:77)
	at java.base/jdk.internal.reflect.DelegatingMethodAccessorImpl.invoke(DelegatingMethodAccessorImpl.java:43)
	at java.base/java.lang.reflect.Method.invoke(Method.java:568)
	at org.testng.internal.invokers.MethodInvocationHelper.invokeMethod(MethodInvocationHelper.java:139)
	at org.testng.internal.invokers.TestInvoker.invokeMethod(TestInvoker.java:677)
	at org.testng.internal.invokers.TestInvoker.invokeTestMethod(TestInvoker.java:221)
	at org.testng.internal.invokers.MethodRunner.runInSequence(MethodRunner.java:50)
	at org.testng.internal.invokers.TestInvoker$MethodInvocationAgent.invoke(TestInvoker.java:969)
	at org.testng.internal.invokers.TestInvoker.invokeTestMethods(TestInvoker.java:194)
	at org.testng.internal.invokers.TestMethodWorker.invokeTestMethods(TestMethodWorker.java:148)
	at org.testng.internal.invokers.TestMethodWorker.run(TestMethodWorker.java:128)
	at java.base/java.util.ArrayList.forEach(ArrayList.java:1511)
	at org.testng.TestRunner.privateRun(TestRunner.java:829)
	at org.testng.TestRunner.run(TestRunner.java:602)
	at org.testng.SuiteRunner.runTest(SuiteRunner.java:437)
	at org.testng.SuiteRunner.runSequentially(SuiteRunner.java:431)
	at org.testng.SuiteRunner.privateRun(SuiteRunner.java:391)
	at org.testng.SuiteRunner.run(SuiteRunner.java:330)
	at org.testng.SuiteRunnerWorker.runSuite(SuiteRunnerWorker.java:52)
	at org.testng.SuiteRunnerWorker.run(SuiteRunnerWorker.java:95)
	at org.testng.TestNG.runSuitesSequentially(TestNG.java:1256)
	at org.testng.TestNG.runSuitesLocally(TestNG.java:1176)
	at org.testng.TestNG.runSuites(TestNG.java:1099)
	at org.testng.TestNG.run(TestNG.java:1067)
	at org.apache.maven.surefire.testng.TestNGExecutor.run(TestNGExecutor.java:308)
	at org.apache.maven.surefire.testng.TestNGXmlTestSuite.execute(TestNGXmlTestSuite.java:71)
	at org.apache.maven.surefire.testng.TestNGProvider.invoke(TestNGProvider.java:113)
	at org.apache.maven.surefire.booter.ForkedBooter.runSuitesInProcess(ForkedBooter.java:385)
	at org.apache.maven.surefire.booter.ForkedBooter.execute(ForkedBooter.java:162)
	at org.apache.maven.surefire.booter.ForkedBooter.run(ForkedBooter.java:507)
	at org.apache.maven.surefire.booter.ForkedBooter.main(ForkedBooter.java:495)
]]></failure>
    <system-out><![CDATA[2024-02-19 17:12:27,430 INFO  SalesforceListenerUtility.java:36 - recentContactsView.......test execution sucess........
ObjectLogger->com.aventstack.extentreports.ExtentTest@7320bccc
2024-02-19 17:12:27,601 INFO  BaseClass.java:242 - browser is closed
2024-02-19 17:12:27,619 INFO  BaseClass.java:59 - Browser instance has started
2024-02-19 17:12:29,492 INFO  BaseClass.java:231 - https://login.salesforce.com/ is launched
2024-02-19 17:12:29,493 INFO  BaseClass.java:472 - Waiting until page loads within  expectedtime period
2024-02-19 17:12:29,496 INFO  SalesforceListenerUtility.java:27 - verifyErrormessage.......test execution started........
2024-02-19 17:12:30,094 INFO  BaseClass.java:94 - email_field is IS WAITED FOR VISIBLITY
ObjectLogger->com.aventstack.extentreports.ExtentTest@46e32574
2024-02-19 17:12:30,456 INFO  BaseClass.java:145 - [[ChromeDriver: chrome on MAC (e955b1724768ac926d4a363db5ef5739)] -> xpath: //*[@id='username']]Is enabled and clicked
ObjectLogger->com.aventstack.extentreports.ExtentTest@46e32574
2024-02-19 17:12:30,736 INFO  BaseClass.java:150 - UsernameIs displayed  in textarea
ObjectLogger->com.aventstack.extentreports.ExtentTest@46e32574
2024-02-19 17:12:30,736 INFO  BaseSalesForceClass.java:66 - Email is entered in a Field 
2024-02-19 17:12:31,308 INFO  BaseClass.java:145 - [[ChromeDriver: chrome on MAC (e955b1724768ac926d4a363db5ef5739)] -> xpath: //*[@id='password']]Is enabled and clicked
ObjectLogger->com.aventstack.extentreports.ExtentTest@46e32574
2024-02-19 17:12:31,355 INFO  BaseClass.java:150 - PasswordIs displayed  in textarea
ObjectLogger->com.aventstack.extentreports.ExtentTest@46e32574
2024-02-19 17:12:31,355 INFO  BaseSalesForceClass.java:70 - Password is entered in a Field 
2024-02-19 17:12:31,389 INFO  BaseClass.java:94 - Login  IS WAITED FOR VISIBLITY
ObjectLogger->com.aventstack.extentreports.ExtentTest@46e32574
2024-02-19 17:12:33,194 INFO  BaseClass.java:213 - login  Is enabled and clicked
ObjectLogger->com.aventstack.extentreports.ExtentTest@46e32574
2024-02-19 17:12:33,194 INFO  BaseSalesForceClass.java:75 - Successfully logged to the Home page
ObjectLogger->com.aventstack.extentreports.ExtentTest@46e32574
2024-02-19 17:12:33,727 INFO  BaseClass.java:271 - Current URL is = https://dan000000cz3teag-dev-ed.develop.my.salesforce.com/setup/forcecomHomepage.apexp?setupid=ForceCom
2024-02-19 17:12:33,728 ERROR BaseClass.java:279 - https://dan000000cz3teag-dev-ed.develop.my.salesforce.com/setup/forcecomHomepage.apexp?setupid=ForceComnot   matched with https://login.salesforce.com/
]]></system-out>
    <system-err><![CDATA[Starting ChromeDriver 121.0.6167.184 (057a8ae7deb3374d0f1b04b36304d236f0136188-refs/branch-heads/6167@{#1818}) on port 43622
Only local connections are allowed.
Please see https://chromedriver.chromium.org/security-considerations for suggestions on keeping ChromeDriver safe.
ChromeDriver was started successfully.
Feb 19, 2024 5:12:28 PM org.openqa.selenium.remote.ProtocolHandshake createSession
INFO: Detected dialect: W3C
]]></system-err>
  </testcase>
</testsuite>