<?xml version="1.0" encoding="UTF-8"?>
<!-- Generated by org.testng.reporters.JUnitXMLReporter -->
<testsuite ignored="0" hostname="Nitins-MacBook-Pro.local" failures="2" tests="5" name="TestOppurtunities" time="81.791" errors="0" timestamp="2024-02-19T17:08:25 PST">
  <testcase classname="com.salesforce.automation.SalesforceCreateOpty_Testcases" name="OpportunityPipelineReport" time="11.026"/>
  <testcase classname="com.salesforce.automation.SalesforceCreateOpty_Testcases" name="QuarterlySummaryReport" time="9.167">
    <failure type="java.lang.AssertionError" message="null">
      <![CDATA[java.lang.AssertionError: null
at com.salesforce.automation.SalesforceCreateOpty_Testcases.QuarterlySummaryReport(SalesforceCreateOpty_Testcases.java:192)
at java.base/java.util.ArrayList.forEach(ArrayList.java:1511)
... Removed 33 stack frames]]>
    </failure>
  </testcase> <!-- QuarterlySummaryReport -->
  <testcase classname="com.salesforce.automation.SalesforceCreateOpty_Testcases" name="StuckOpportunitiesReport" time="8.198"/>
  <testcase classname="com.salesforce.automation.SalesforceCreateOpty_Testcases" name="createNewOppty" time="14.979">
    <failure type="java.lang.AssertionError" message="expected [https://dan000000cz3teag-dev-ed.develop.my.salesforce.com/006an000000lqXp] but found [https://dan000000cz3teag-dev-ed.develop.my.salesforce.com/006/e]">
      <![CDATA[java.lang.AssertionError: expected [https://dan000000cz3teag-dev-ed.develop.my.salesforce.com/006an000000lqXp] but found [https://dan000000cz3teag-dev-ed.develop.my.salesforce.com/006/e]
at com.salesforce.base.BaseClass.assertCurrentURL(BaseClass.java:273)
at com.salesforce.automation.SalesforceCreateOpty_Testcases.createNewOppty(SalesforceCreateOpty_Testcases.java:102)
at java.base/java.util.ArrayList.forEach(ArrayList.java:1511)
... Removed 37 stack frames]]>
    </failure>
  </testcase> <!-- createNewOppty -->
  <testcase classname="com.salesforce.automation.SalesforceCreateOpty_Testcases" name="opportunitiesdropdown" time="7.413"/>
</testsuite> <!-- TestOppurtunities -->
